2018-03-29 16:13:11.251[INFO][JedisUtils.java:42][main] redis»ñÈ¡Êı¾İ key:test
2018-03-29 16:13:11.260[INFO][JedisProvider.java:33][main] ´´½¨Redis¶ÔÏó
2018-03-29 16:13:11.369[INFO][JedisProvider.java:67][main] Ïú»ÙRedis¶ÔÏó
2018-03-29 16:21:23.250[INFO][JedisUtils.java:42][main] redis»ñÈ¡Êı¾İ key:test
2018-03-29 16:21:23.259[INFO][JedisProvider.java:33][main] ´´½¨Redis¶ÔÏó
2018-03-29 16:21:23.366[INFO][JedisProvider.java:67][main] Ïú»ÙRedis¶ÔÏó
2018-04-03 10:27:28.359[INFO][JedisUtils.java:42][main] redis»ñÈ¡Êı¾İ key:test
2018-04-03 10:27:28.366[INFO][JedisProvider.java:33][main] ´´½¨Redis¶ÔÏó
2018-04-03 10:27:28.501[INFO][JedisProvider.java:67][main] Ïú»ÙRedis¶ÔÏó
2018-04-03 10:30:28.384[INFO][JedisUtils.java:42][main] redis»ñÈ¡Êı¾İ key:test
2018-04-03 10:30:28.391[INFO][JedisProvider.java:33][main] ´´½¨Redis¶ÔÏó
2018-04-03 10:30:28.490[INFO][JedisProvider.java:67][main] Ïú»ÙRedis¶ÔÏó
2018-04-03 10:53:46.250[INFO][JedisUtils.java:42][main] redis»ñÈ¡Êı¾İ key:test
2018-04-03 10:53:46.256[INFO][JedisProvider.java:34][main] ´´½¨Redis¶ÔÏó
2018-04-03 10:53:46.358[INFO][JedisProvider.java:75][main] Ïú»ÙRedis¶ÔÏó
2018-04-09 18:26:15.914[INFO][JedisUtils.java:42][main] redis»ñÈ¡Êı¾İ key:test
2018-04-09 18:26:15.922[INFO][JedisProvider.java:34][main] ´´½¨Redis¶ÔÏó
2018-04-09 18:26:16.075[INFO][JedisProvider.java:75][main] Ïú»ÙRedis¶ÔÏó
2018-04-11 18:10:17.782[ERROR][TestContextManager.java:231][main] Caught exception while allowing TestExecutionListener [org.springframework.test.context.support.DependencyInjectionTestExecutionListener@482bce4f] to prepare test instance [com.jzl.service.impl.AutoPushShotMessageTest@366647c2]
org.springframework.beans.factory.UnsatisfiedDependencyException: Error creating bean with name 'com.jzl.service.impl.AutoPushShotMessageTest': Unsatisfied dependency expressed through field 'autoPush'; nested exception is org.springframework.beans.factory.NoSuchBeanDefinitionException: No qualifying bean of type 'com.jzl.schedule.task.AutoPushShotMessage' available: expected at least 1 bean which qualifies as autowire candidate. Dependency annotations: {@org.springframework.beans.factory.annotation.Autowired(required=true)}
	at org.springframework.beans.factory.annotation.AutowiredAnnotationBeanPostProcessor$AutowiredFieldElement.inject(AutowiredAnnotationBeanPostProcessor.java:588)
	at org.springframework.beans.factory.annotation.InjectionMetadata.inject(InjectionMetadata.java:88)
	at org.springframework.beans.factory.annotation.AutowiredAnnotationBeanPostProcessor.postProcessPropertyValues(AutowiredAnnotationBeanPostProcessor.java:366)
	at org.springframework.beans.factory.support.AbstractAutowireCapableBeanFactory.populateBean(AbstractAutowireCapableBeanFactory.java:1264)
	at org.springframework.beans.factory.support.AbstractAutowireCapableBeanFactory.autowireBeanProperties(AbstractAutowireCapableBeanFactory.java:386)
	at org.springframework.test.context.support.DependencyInjectionTestExecutionListener.injectDependencies(DependencyInjectionTestExecutionListener.java:118)
	at org.springframework.test.context.support.DependencyInjectionTestExecutionListener.prepareTestInstance(DependencyInjectionTestExecutionListener.java:83)
	at org.springframework.test.context.TestContextManager.prepareTestInstance(TestContextManager.java:228)
	at org.springframework.test.context.junit4.SpringJUnit4ClassRunner.createTest(SpringJUnit4ClassRunner.java:230)
	at org.springframework.test.context.junit4.SpringJUnit4ClassRunner$1.runReflectiveCall(SpringJUnit4ClassRunner.java:289)
	at org.junit.internal.runners.model.ReflectiveCallable.run(ReflectiveCallable.java:12)
	at org.springframework.test.context.junit4.SpringJUnit4ClassRunner.methodBlock(SpringJUnit4ClassRunner.java:291)
	at org.springframework.test.context.junit4.SpringJUnit4ClassRunner.runChild(SpringJUnit4ClassRunner.java:249)
	at org.springframework.test.context.junit4.SpringJUnit4ClassRunner.runChild(SpringJUnit4ClassRunner.java:89)
	at org.junit.runners.ParentRunner$3.run(ParentRunner.java:238)
	at org.junit.runners.ParentRunner$1.schedule(ParentRunner.java:63)
	at org.junit.runners.ParentRunner.runChildren(ParentRunner.java:236)
	at org.junit.runners.ParentRunner.access$000(ParentRunner.java:53)
	at org.junit.runners.ParentRunner$2.evaluate(ParentRunner.java:229)
	at org.springframework.test.context.junit4.statements.RunBeforeTestClassCallbacks.evaluate(RunBeforeTestClassCallbacks.java:61)
	at org.springframework.test.context.junit4.statements.RunAfterTestClassCallbacks.evaluate(RunAfterTestClassCallbacks.java:70)
	at org.junit.runners.ParentRunner.run(ParentRunner.java:309)
	at org.springframework.test.context.junit4.SpringJUnit4ClassRunner.run(SpringJUnit4ClassRunner.java:193)
	at org.eclipse.jdt.internal.junit4.runner.JUnit4TestReference.run(JUnit4TestReference.java:86)
	at org.eclipse.jdt.internal.junit.runner.TestExecution.run(TestExecution.java:38)
	at org.eclipse.jdt.internal.junit.runner.RemoteTestRunner.runTests(RemoteTestRunner.java:539)
	at org.eclipse.jdt.internal.junit.runner.RemoteTestRunner.runTests(RemoteTestRunner.java:761)
	at org.eclipse.jdt.internal.junit.runner.RemoteTestRunner.run(RemoteTestRunner.java:461)
	at org.eclipse.jdt.internal.junit.runner.RemoteTestRunner.main(RemoteTestRunner.java:207)
Caused by: org.springframework.beans.factory.NoSuchBeanDefinitionException: No qualifying bean of type 'com.jzl.schedule.task.AutoPushShotMessage' available: expected at least 1 bean which qualifies as autowire candidate. Dependency annotations: {@org.springframework.beans.factory.annotation.Autowired(required=true)}
	at org.springframework.beans.factory.support.DefaultListableBeanFactory.raiseNoMatchingBeanFound(DefaultListableBeanFactory.java:1493)
	at org.springframework.beans.factory.support.DefaultListableBeanFactory.doResolveDependency(DefaultListableBeanFactory.java:1104)
	at org.springframework.beans.factory.support.DefaultListableBeanFactory.resolveDependency(DefaultListableBeanFactory.java:1066)
	at org.springframework.beans.factory.annotation.AutowiredAnnotationBeanPostProcessor$AutowiredFieldElement.inject(AutowiredAnnotationBeanPostProcessor.java:585)
	... 28 more
2018-04-11 18:12:05.621[INFO][MLog.java:80][main] MLog clients using log4j logging.
2018-04-11 18:12:06.071[INFO][UpdateBirthdayQueueProducer.java:42][main] è‡ªåŠ¨æ›´æ–°ç”Ÿæ—¥æ•°æ®å¯åŠ¨
2018-04-11 18:12:06.074[INFO][SMSQueueProducer.java:57][main] çŸ­ä¿¡æœåŠ¡è‡ªåŠ¨æ¨é€å¯åŠ¨
2018-04-11 18:12:09.792[INFO][UpdateBirthdayQueueProducer.java:71][Thread-1] è¿›è¡Œå…³é—­çº¿ç¨‹æ± ...
2018-04-11 18:12:09.794[INFO][UpdateBirthdayQueueConsumer.java:54][pool-2-thread-3] æ‰§è¡Œæ›´æ–°ç”Ÿæ—¥æ•°æ®çº¿ç¨‹é”™è¯¯: 
java.lang.InterruptedException
	at java.util.concurrent.locks.AbstractQueuedSynchronizer$ConditionObject.reportInterruptAfterWait(AbstractQueuedSynchronizer.java:2014)
	at java.util.concurrent.locks.AbstractQueuedSynchronizer$ConditionObject.await(AbstractQueuedSynchronizer.java:2048)
	at java.util.concurrent.LinkedBlockingQueue.take(LinkedBlockingQueue.java:442)
	at com.jzl.schedule.queue.UpdateBirthdayQueueConsumer.handle(UpdateBirthdayQueueConsumer.java:50)
	at com.jzl.schedule.queue.UpdateBirthdayQueueConsumer.run(UpdateBirthdayQueueConsumer.java:38)
	at java.util.concurrent.ThreadPoolExecutor.runWorker(ThreadPoolExecutor.java:1142)
	at java.util.concurrent.ThreadPoolExecutor$Worker.run(ThreadPoolExecutor.java:617)
	at java.lang.Thread.run(Thread.java:745)
2018-04-11 18:12:09.800[INFO][UpdateBirthdayQueueConsumer.java:54][pool-2-thread-1] æ‰§è¡Œæ›´æ–°ç”Ÿæ—¥æ•°æ®çº¿ç¨‹é”™è¯¯: 
java.lang.InterruptedException
	at java.util.concurrent.locks.AbstractQueuedSynchronizer$ConditionObject.reportInterruptAfterWait(AbstractQueuedSynchronizer.java:2014)
	at java.util.concurrent.locks.AbstractQueuedSynchronizer$ConditionObject.await(AbstractQueuedSynchronizer.java:2048)
	at java.util.concurrent.LinkedBlockingQueue.take(LinkedBlockingQueue.java:442)
	at com.jzl.schedule.queue.UpdateBirthdayQueueConsumer.handle(UpdateBirthdayQueueConsumer.java:50)
	at com.jzl.schedule.queue.UpdateBirthdayQueueConsumer.run(UpdateBirthdayQueueConsumer.java:38)
	at java.util.concurrent.ThreadPoolExecutor.runWorker(ThreadPoolExecutor.java:1142)
	at java.util.concurrent.ThreadPoolExecutor$Worker.run(ThreadPoolExecutor.java:617)
	at java.lang.Thread.run(Thread.java:745)
2018-04-11 18:12:09.800[INFO][UpdateBirthdayQueueConsumer.java:54][pool-2-thread-5] æ‰§è¡Œæ›´æ–°ç”Ÿæ—¥æ•°æ®çº¿ç¨‹é”™è¯¯: 
java.lang.InterruptedException
	at java.util.concurrent.locks.AbstractQueuedSynchronizer$ConditionObject.reportInterruptAfterWait(AbstractQueuedSynchronizer.java:2014)
	at java.util.concurrent.locks.AbstractQueuedSynchronizer$ConditionObject.await(AbstractQueuedSynchronizer.java:2048)
	at java.util.concurrent.LinkedBlockingQueue.take(LinkedBlockingQueue.java:442)
	at com.jzl.schedule.queue.UpdateBirthdayQueueConsumer.handle(UpdateBirthdayQueueConsumer.java:50)
	at com.jzl.schedule.queue.UpdateBirthdayQueueConsumer.run(UpdateBirthdayQueueConsumer.java:38)
	at java.util.concurrent.ThreadPoolExecutor.runWorker(ThreadPoolExecutor.java:1142)
	at java.util.concurrent.ThreadPoolExecutor$Worker.run(ThreadPoolExecutor.java:617)
	at java.lang.Thread.run(Thread.java:745)
2018-04-11 18:12:09.799[INFO][UpdateBirthdayQueueConsumer.java:54][pool-2-thread-4] æ‰§è¡Œæ›´æ–°ç”Ÿæ—¥æ•°æ®çº¿ç¨‹é”™è¯¯: 
java.lang.InterruptedException
	at java.util.concurrent.locks.AbstractQueuedSynchronizer$ConditionObject.reportInterruptAfterWait(AbstractQueuedSynchronizer.java:2014)
	at java.util.concurrent.locks.AbstractQueuedSynchronizer$ConditionObject.await(AbstractQueuedSynchronizer.java:2048)
	at java.util.concurrent.LinkedBlockingQueue.take(LinkedBlockingQueue.java:442)
	at com.jzl.schedule.queue.UpdateBirthdayQueueConsumer.handle(UpdateBirthdayQueueConsumer.java:50)
	at com.jzl.schedule.queue.UpdateBirthdayQueueConsumer.run(UpdateBirthdayQueueConsumer.java:38)
	at java.util.concurrent.ThreadPoolExecutor.runWorker(ThreadPoolExecutor.java:1142)
	at java.util.concurrent.ThreadPoolExecutor$Worker.run(ThreadPoolExecutor.java:617)
	at java.lang.Thread.run(Thread.java:745)
2018-04-11 18:12:09.794[INFO][UpdateBirthdayQueueConsumer.java:54][pool-2-thread-2] æ‰§è¡Œæ›´æ–°ç”Ÿæ—¥æ•°æ®çº¿ç¨‹é”™è¯¯: 
java.lang.InterruptedException
	at java.util.concurrent.locks.AbstractQueuedSynchronizer$ConditionObject.reportInterruptAfterWait(AbstractQueuedSynchronizer.java:2014)
	at java.util.concurrent.locks.AbstractQueuedSynchronizer$ConditionObject.await(AbstractQueuedSynchronizer.java:2048)
	at java.util.concurrent.LinkedBlockingQueue.take(LinkedBlockingQueue.java:442)
	at com.jzl.schedule.queue.UpdateBirthdayQueueConsumer.handle(UpdateBirthdayQueueConsumer.java:50)
	at com.jzl.schedule.queue.UpdateBirthdayQueueConsumer.run(UpdateBirthdayQueueConsumer.java:38)
	at java.util.concurrent.ThreadPoolExecutor.runWorker(ThreadPoolExecutor.java:1142)
	at java.util.concurrent.ThreadPoolExecutor$Worker.run(ThreadPoolExecutor.java:617)
	at java.lang.Thread.run(Thread.java:745)
2018-04-11 18:12:12.800[INFO][SMSQueueProducer.java:90][Thread-1] è¿›è¡Œå…³é—­çº¿ç¨‹æ± ...
2018-04-11 18:12:12.837[INFO][SMSQueueConsumer.java:54][pool-3-thread-4] æ¨é€çŸ­ä¿¡å¤±è´¥
java.lang.InterruptedException
	at java.util.concurrent.locks.AbstractQueuedSynchronizer$ConditionObject.reportInterruptAfterWait(AbstractQueuedSynchronizer.java:2014)
	at java.util.concurrent.locks.AbstractQueuedSynchronizer$ConditionObject.await(AbstractQueuedSynchronizer.java:2048)
	at java.util.concurrent.LinkedBlockingQueue.take(LinkedBlockingQueue.java:442)
	at com.jzl.schedule.queue.SMSQueueConsumer.handle(SMSQueueConsumer.java:47)
	at com.jzl.schedule.queue.SMSQueueConsumer.run(SMSQueueConsumer.java:35)
	at java.util.concurrent.ThreadPoolExecutor.runWorker(ThreadPoolExecutor.java:1142)
	at java.util.concurrent.ThreadPoolExecutor$Worker.run(ThreadPoolExecutor.java:617)
	at java.lang.Thread.run(Thread.java:745)
2018-04-11 18:12:12.838[INFO][SMSQueueConsumer.java:54][pool-3-thread-5] æ¨é€çŸ­ä¿¡å¤±è´¥
java.lang.InterruptedException
	at java.util.concurrent.locks.AbstractQueuedSynchronizer$ConditionObject.reportInterruptAfterWait(AbstractQueuedSynchronizer.java:2014)
	at java.util.concurrent.locks.AbstractQueuedSynchronizer$ConditionObject.await(AbstractQueuedSynchronizer.java:2048)
	at java.util.concurrent.LinkedBlockingQueue.take(LinkedBlockingQueue.java:442)
	at com.jzl.schedule.queue.SMSQueueConsumer.handle(SMSQueueConsumer.java:47)
	at com.jzl.schedule.queue.SMSQueueConsumer.run(SMSQueueConsumer.java:35)
	at java.util.concurrent.ThreadPoolExecutor.runWorker(ThreadPoolExecutor.java:1142)
	at java.util.concurrent.ThreadPoolExecutor$Worker.run(ThreadPoolExecutor.java:617)
	at java.lang.Thread.run(Thread.java:745)
2018-04-11 18:12:12.839[INFO][SMSQueueConsumer.java:54][pool-3-thread-3] æ¨é€çŸ­ä¿¡å¤±è´¥
java.lang.InterruptedException
	at java.util.concurrent.locks.AbstractQueuedSynchronizer$ConditionObject.reportInterruptAfterWait(AbstractQueuedSynchronizer.java:2014)
	at java.util.concurrent.locks.AbstractQueuedSynchronizer$ConditionObject.await(AbstractQueuedSynchronizer.java:2048)
	at java.util.concurrent.LinkedBlockingQueue.take(LinkedBlockingQueue.java:442)
	at com.jzl.schedule.queue.SMSQueueConsumer.handle(SMSQueueConsumer.java:47)
	at com.jzl.schedule.queue.SMSQueueConsumer.run(SMSQueueConsumer.java:35)
	at java.util.concurrent.ThreadPoolExecutor.runWorker(ThreadPoolExecutor.java:1142)
	at java.util.concurrent.ThreadPoolExecutor$Worker.run(ThreadPoolExecutor.java:617)
	at java.lang.Thread.run(Thread.java:745)
2018-04-11 18:12:12.840[INFO][SMSQueueConsumer.java:54][pool-3-thread-1] æ¨é€çŸ­ä¿¡å¤±è´¥
java.lang.InterruptedException
	at java.util.concurrent.locks.AbstractQueuedSynchronizer$ConditionObject.reportInterruptAfterWait(AbstractQueuedSynchronizer.java:2014)
	at java.util.concurrent.locks.AbstractQueuedSynchronizer$ConditionObject.await(AbstractQueuedSynchronizer.java:2048)
	at java.util.concurrent.LinkedBlockingQueue.take(LinkedBlockingQueue.java:442)
	at com.jzl.schedule.queue.SMSQueueConsumer.handle(SMSQueueConsumer.java:47)
	at com.jzl.schedule.queue.SMSQueueConsumer.run(SMSQueueConsumer.java:35)
	at java.util.concurrent.ThreadPoolExecutor.runWorker(ThreadPoolExecutor.java:1142)
	at java.util.concurrent.ThreadPoolExecutor$Worker.run(ThreadPoolExecutor.java:617)
	at java.lang.Thread.run(Thread.java:745)
2018-04-11 18:13:00.255[INFO][MLog.java:80][main] MLog clients using log4j logging.
2018-04-11 18:13:00.707[INFO][UpdateBirthdayQueueProducer.java:42][main] è‡ªåŠ¨æ›´æ–°ç”Ÿæ—¥æ•°æ®å¯åŠ¨
2018-04-11 18:13:00.709[INFO][SMSQueueProducer.java:57][main] çŸ­ä¿¡æœåŠ¡è‡ªåŠ¨æ¨é€å¯åŠ¨
2018-04-11 18:13:07.217[INFO][JedisUtils.java:42][main] redisè·å–æ•°æ® key:SCHEDULED_TASK_STATU__autoUpdateBirthday
2018-04-11 18:13:07.281[INFO][JedisProvider.java:34][main] åˆ›å»ºRediså¯¹è±¡
2018-04-11 18:13:07.999[INFO][JedisProvider.java:75][main] é”€æ¯Rediså¯¹è±¡
2018-04-11 18:13:08.019[INFO][JedisUtils.java:22][main] redisæ’å…¥æ•°æ® key:SCHEDULED_TASK_STATU__autoUpdateBirthday; value:1
2018-04-11 18:13:08.026[INFO][JedisProvider.java:34][main] åˆ›å»ºRediså¯¹è±¡
2018-04-11 18:13:08.033[INFO][JedisProvider.java:75][main] é”€æ¯Rediså¯¹è±¡
2018-04-11 18:15:29.907[INFO][AutoPushShotMessage.java:77][main] æ‰§è¡Œè‡ªåŠ¨ä»»åŠ¡å‡ºé”™
java.lang.NullPointerException
	at com.jzl.schedule.task.AutoPushShotMessage.exec(AutoPushShotMessage.java:67)
	at sun.reflect.NativeMethodAccessorImpl.invoke0(Native Method)
	at sun.reflect.NativeMethodAccessorImpl.invoke(NativeMethodAccessorImpl.java:62)
	at sun.reflect.DelegatingMethodAccessorImpl.invoke(DelegatingMethodAccessorImpl.java:43)
	at java.lang.reflect.Method.invoke(Method.java:497)
	at com.jzl.service.impl.AutoPushShotMessageTest.execTest(AutoPushShotMessageTest.java:28)
	at sun.reflect.NativeMethodAccessorImpl.invoke0(Native Method)
	at sun.reflect.NativeMethodAccessorImpl.invoke(NativeMethodAccessorImpl.java:62)
	at sun.reflect.DelegatingMethodAccessorImpl.invoke(DelegatingMethodAccessorImpl.java:43)
	at java.lang.reflect.Method.invoke(Method.java:497)
	at org.junit.runners.model.FrameworkMethod$1.runReflectiveCall(FrameworkMethod.java:47)
	at org.junit.internal.runners.model.ReflectiveCallable.run(ReflectiveCallable.java:12)
	at org.junit.runners.model.FrameworkMethod.invokeExplosively(FrameworkMethod.java:44)
	at org.junit.internal.runners.statements.InvokeMethod.evaluate(InvokeMethod.java:17)
	at org.springframework.test.context.junit4.statements.RunBeforeTestMethodCallbacks.evaluate(RunBeforeTestMethodCallbacks.java:75)
	at org.springframework.test.context.junit4.statements.RunAfterTestMethodCallbacks.evaluate(RunAfterTestMethodCallbacks.java:86)
	at org.springframework.test.context.junit4.statements.SpringRepeat.evaluate(SpringRepeat.java:84)
	at org.junit.runners.ParentRunner.runLeaf(ParentRunner.java:271)
	at org.springframework.test.context.junit4.SpringJUnit4ClassRunner.runChild(SpringJUnit4ClassRunner.java:254)
	at org.springframework.test.context.junit4.SpringJUnit4ClassRunner.runChild(SpringJUnit4ClassRunner.java:89)
	at org.junit.runners.ParentRunner$3.run(ParentRunner.java:238)
	at org.junit.runners.ParentRunner$1.schedule(ParentRunner.java:63)
	at org.junit.runners.ParentRunner.runChildren(ParentRunner.java:236)
	at org.junit.runners.ParentRunner.access$000(ParentRunner.java:53)
	at org.junit.runners.ParentRunner$2.evaluate(ParentRunner.java:229)
	at org.springframework.test.context.junit4.statements.RunBeforeTestClassCallbacks.evaluate(RunBeforeTestClassCallbacks.java:61)
	at org.springframework.test.context.junit4.statements.RunAfterTestClassCallbacks.evaluate(RunAfterTestClassCallbacks.java:70)
	at org.junit.runners.ParentRunner.run(ParentRunner.java:309)
	at org.springframework.test.context.junit4.SpringJUnit4ClassRunner.run(SpringJUnit4ClassRunner.java:193)
	at org.eclipse.jdt.internal.junit4.runner.JUnit4TestReference.run(JUnit4TestReference.java:86)
	at org.eclipse.jdt.internal.junit.runner.TestExecution.run(TestExecution.java:38)
	at org.eclipse.jdt.internal.junit.runner.RemoteTestRunner.runTests(RemoteTestRunner.java:539)
	at org.eclipse.jdt.internal.junit.runner.RemoteTestRunner.runTests(RemoteTestRunner.java:761)
	at org.eclipse.jdt.internal.junit.runner.RemoteTestRunner.run(RemoteTestRunner.java:461)
	at org.eclipse.jdt.internal.junit.runner.RemoteTestRunner.main(RemoteTestRunner.java:207)
2018-04-11 18:15:29.910[INFO][JedisUtils.java:22][main] redisæ’å…¥æ•°æ® key:SCHEDULED_TASK_STATU__autoUpdateBirthday; value:0
2018-04-11 18:15:29.910[INFO][JedisProvider.java:34][main] åˆ›å»ºRediså¯¹è±¡
2018-04-11 18:15:29.916[INFO][JedisProvider.java:75][main] é”€æ¯Rediså¯¹è±¡
2018-04-11 18:15:32.922[INFO][UpdateBirthdayQueueProducer.java:71][Thread-1] è¿›è¡Œå…³é—­çº¿ç¨‹æ± ...
2018-04-11 18:15:32.927[INFO][UpdateBirthdayQueueConsumer.java:54][pool-2-thread-2] æ‰§è¡Œæ›´æ–°ç”Ÿæ—¥æ•°æ®çº¿ç¨‹é”™è¯¯: 
java.lang.InterruptedException
	at java.util.concurrent.locks.AbstractQueuedSynchronizer$ConditionObject.reportInterruptAfterWait(AbstractQueuedSynchronizer.java:2014)
	at java.util.concurrent.locks.AbstractQueuedSynchronizer$ConditionObject.await(AbstractQueuedSynchronizer.java:2048)
	at java.util.concurrent.LinkedBlockingQueue.take(LinkedBlockingQueue.java:442)
	at com.jzl.schedule.queue.UpdateBirthdayQueueConsumer.handle(UpdateBirthdayQueueConsumer.java:50)
	at com.jzl.schedule.queue.UpdateBirthdayQueueConsumer.run(UpdateBirthdayQueueConsumer.java:38)
	at java.util.concurrent.ThreadPoolExecutor.runWorker(ThreadPoolExecutor.java:1142)
	at java.util.concurrent.ThreadPoolExecutor$Worker.run(ThreadPoolExecutor.java:617)
	at java.lang.Thread.run(Thread.java:745)
2018-04-11 18:15:32.928[INFO][UpdateBirthdayQueueConsumer.java:54][pool-2-thread-4] æ‰§è¡Œæ›´æ–°ç”Ÿæ—¥æ•°æ®çº¿ç¨‹é”™è¯¯: 
java.lang.InterruptedException
	at java.util.concurrent.locks.AbstractQueuedSynchronizer$ConditionObject.reportInterruptAfterWait(AbstractQueuedSynchronizer.java:2014)
	at java.util.concurrent.locks.AbstractQueuedSynchronizer$ConditionObject.await(AbstractQueuedSynchronizer.java:2048)
	at java.util.concurrent.LinkedBlockingQueue.take(LinkedBlockingQueue.java:442)
	at com.jzl.schedule.queue.UpdateBirthdayQueueConsumer.handle(UpdateBirthdayQueueConsumer.java:50)
	at com.jzl.schedule.queue.UpdateBirthdayQueueConsumer.run(UpdateBirthdayQueueConsumer.java:38)
	at java.util.concurrent.ThreadPoolExecutor.runWorker(ThreadPoolExecutor.java:1142)
	at java.util.concurrent.ThreadPoolExecutor$Worker.run(ThreadPoolExecutor.java:617)
	at java.lang.Thread.run(Thread.java:745)
2018-04-11 18:15:32.947[INFO][UpdateBirthdayQueueConsumer.java:54][pool-2-thread-3] æ‰§è¡Œæ›´æ–°ç”Ÿæ—¥æ•°æ®çº¿ç¨‹é”™è¯¯: 
java.lang.InterruptedException
	at java.util.concurrent.locks.AbstractQueuedSynchronizer$ConditionObject.reportInterruptAfterWait(AbstractQueuedSynchronizer.java:2014)
	at java.util.concurrent.locks.AbstractQueuedSynchronizer$ConditionObject.await(AbstractQueuedSynchronizer.java:2048)
	at java.util.concurrent.LinkedBlockingQueue.take(LinkedBlockingQueue.java:442)
	at com.jzl.schedule.queue.UpdateBirthdayQueueConsumer.handle(UpdateBirthdayQueueConsumer.java:50)
	at com.jzl.schedule.queue.UpdateBirthdayQueueConsumer.run(UpdateBirthdayQueueConsumer.java:38)
	at java.util.concurrent.ThreadPoolExecutor.runWorker(ThreadPoolExecutor.java:1142)
	at java.util.concurrent.ThreadPoolExecutor$Worker.run(ThreadPoolExecutor.java:617)
	at java.lang.Thread.run(Thread.java:745)
2018-04-11 18:15:32.950[INFO][UpdateBirthdayQueueConsumer.java:54][pool-2-thread-5] æ‰§è¡Œæ›´æ–°ç”Ÿæ—¥æ•°æ®çº¿ç¨‹é”™è¯¯: 
java.lang.InterruptedException
	at java.util.concurrent.locks.AbstractQueuedSynchronizer$ConditionObject.reportInterruptAfterWait(AbstractQueuedSynchronizer.java:2014)
	at java.util.concurrent.locks.AbstractQueuedSynchronizer$ConditionObject.await(AbstractQueuedSynchronizer.java:2048)
	at java.util.concurrent.LinkedBlockingQueue.take(LinkedBlockingQueue.java:442)
	at com.jzl.schedule.queue.UpdateBirthdayQueueConsumer.handle(UpdateBirthdayQueueConsumer.java:50)
	at com.jzl.schedule.queue.UpdateBirthdayQueueConsumer.run(UpdateBirthdayQueueConsumer.java:38)
	at java.util.concurrent.ThreadPoolExecutor.runWorker(ThreadPoolExecutor.java:1142)
	at java.util.concurrent.ThreadPoolExecutor$Worker.run(ThreadPoolExecutor.java:617)
	at java.lang.Thread.run(Thread.java:745)
2018-04-11 18:15:32.951[INFO][UpdateBirthdayQueueConsumer.java:54][pool-2-thread-1] æ‰§è¡Œæ›´æ–°ç”Ÿæ—¥æ•°æ®çº¿ç¨‹é”™è¯¯: 
java.lang.InterruptedException
	at java.util.concurrent.locks.AbstractQueuedSynchronizer$ConditionObject.reportInterruptAfterWait(AbstractQueuedSynchronizer.java:2014)
	at java.util.concurrent.locks.AbstractQueuedSynchronizer$ConditionObject.await(AbstractQueuedSynchronizer.java:2048)
	at java.util.concurrent.LinkedBlockingQueue.take(LinkedBlockingQueue.java:442)
	at com.jzl.schedule.queue.UpdateBirthdayQueueConsumer.handle(UpdateBirthdayQueueConsumer.java:50)
	at com.jzl.schedule.queue.UpdateBirthdayQueueConsumer.run(UpdateBirthdayQueueConsumer.java:38)
	at java.util.concurrent.ThreadPoolExecutor.runWorker(ThreadPoolExecutor.java:1142)
	at java.util.concurrent.ThreadPoolExecutor$Worker.run(ThreadPoolExecutor.java:617)
	at java.lang.Thread.run(Thread.java:745)
2018-04-11 18:15:35.924[INFO][SMSQueueProducer.java:90][Thread-1] è¿›è¡Œå…³é—­çº¿ç¨‹æ± ...
2018-04-11 18:15:35.924[INFO][SMSQueueConsumer.java:54][pool-3-thread-4] æ¨é€çŸ­ä¿¡å¤±è´¥
java.lang.InterruptedException
	at java.util.concurrent.locks.AbstractQueuedSynchronizer$ConditionObject.reportInterruptAfterWait(AbstractQueuedSynchronizer.java:2014)
	at java.util.concurrent.locks.AbstractQueuedSynchronizer$ConditionObject.await(AbstractQueuedSynchronizer.java:2048)
	at java.util.concurrent.LinkedBlockingQueue.take(LinkedBlockingQueue.java:442)
	at com.jzl.schedule.queue.SMSQueueConsumer.handle(SMSQueueConsumer.java:47)
	at com.jzl.schedule.queue.SMSQueueConsumer.run(SMSQueueConsumer.java:35)
	at java.util.concurrent.ThreadPoolExecutor.runWorker(ThreadPoolExecutor.java:1142)
	at java.util.concurrent.ThreadPoolExecutor$Worker.run(ThreadPoolExecutor.java:617)
	at java.lang.Thread.run(Thread.java:745)
2018-04-11 18:15:35.925[INFO][SMSQueueConsumer.java:54][pool-3-thread-3] æ¨é€çŸ­ä¿¡å¤±è´¥
java.lang.InterruptedException
	at java.util.concurrent.locks.AbstractQueuedSynchronizer$ConditionObject.reportInterruptAfterWait(AbstractQueuedSynchronizer.java:2014)
	at java.util.concurrent.locks.AbstractQueuedSynchronizer$ConditionObject.await(AbstractQueuedSynchronizer.java:2048)
	at java.util.concurrent.LinkedBlockingQueue.take(LinkedBlockingQueue.java:442)
	at com.jzl.schedule.queue.SMSQueueConsumer.handle(SMSQueueConsumer.java:47)
	at com.jzl.schedule.queue.SMSQueueConsumer.run(SMSQueueConsumer.java:35)
	at java.util.concurrent.ThreadPoolExecutor.runWorker(ThreadPoolExecutor.java:1142)
	at java.util.concurrent.ThreadPoolExecutor$Worker.run(ThreadPoolExecutor.java:617)
	at java.lang.Thread.run(Thread.java:745)
2018-04-11 18:15:35.935[INFO][SMSQueueConsumer.java:54][pool-3-thread-2] æ¨é€çŸ­ä¿¡å¤±è´¥
java.lang.InterruptedException
	at java.util.concurrent.locks.AbstractQueuedSynchronizer$ConditionObject.reportInterruptAfterWait(AbstractQueuedSynchronizer.java:2014)
	at java.util.concurrent.locks.AbstractQueuedSynchronizer$ConditionObject.await(AbstractQueuedSynchronizer.java:2048)
	at java.util.concurrent.LinkedBlockingQueue.take(LinkedBlockingQueue.java:442)
	at com.jzl.schedule.queue.SMSQueueConsumer.handle(SMSQueueConsumer.java:47)
	at com.jzl.schedule.queue.SMSQueueConsumer.run(SMSQueueConsumer.java:35)
	at java.util.concurrent.ThreadPoolExecutor.runWorker(ThreadPoolExecutor.java:1142)
	at java.util.concurrent.ThreadPoolExecutor$Worker.run(ThreadPoolExecutor.java:617)
	at java.lang.Thread.run(Thread.java:745)
2018-04-11 18:15:35.929[INFO][SMSQueueConsumer.java:54][pool-3-thread-5] æ¨é€çŸ­ä¿¡å¤±è´¥
java.lang.InterruptedException
	at java.util.concurrent.locks.AbstractQueuedSynchronizer$ConditionObject.reportInterruptAfterWait(AbstractQueuedSynchronizer.java:2014)
	at java.util.concurrent.locks.AbstractQueuedSynchronizer$ConditionObject.await(AbstractQueuedSynchronizer.java:2048)
	at java.util.concurrent.LinkedBlockingQueue.take(LinkedBlockingQueue.java:442)
	at com.jzl.schedule.queue.SMSQueueConsumer.handle(SMSQueueConsumer.java:47)
	at com.jzl.schedule.queue.SMSQueueConsumer.run(SMSQueueConsumer.java:35)
	at java.util.concurrent.ThreadPoolExecutor.runWorker(ThreadPoolExecutor.java:1142)
	at java.util.concurrent.ThreadPoolExecutor$Worker.run(ThreadPoolExecutor.java:617)
	at java.lang.Thread.run(Thread.java:745)
2018-04-11 18:15:35.926[INFO][SMSQueueConsumer.java:54][pool-3-thread-1] æ¨é€çŸ­ä¿¡å¤±è´¥
java.lang.InterruptedException
	at java.util.concurrent.locks.AbstractQueuedSynchronizer$ConditionObject.reportInterruptAfterWait(AbstractQueuedSynchronizer.java:2014)
	at java.util.concurrent.locks.AbstractQueuedSynchronizer$ConditionObject.await(AbstractQueuedSynchronizer.java:2048)
	at java.util.concurrent.LinkedBlockingQueue.take(LinkedBlockingQueue.java:442)
	at com.jzl.schedule.queue.SMSQueueConsumer.handle(SMSQueueConsumer.java:47)
	at com.jzl.schedule.queue.SMSQueueConsumer.run(SMSQueueConsumer.java:35)
	at java.util.concurrent.ThreadPoolExecutor.runWorker(ThreadPoolExecutor.java:1142)
	at java.util.concurrent.ThreadPoolExecutor$Worker.run(ThreadPoolExecutor.java:617)
	at java.lang.Thread.run(Thread.java:745)
2018-04-11 18:15:49.976[INFO][MLog.java:80][main] MLog clients using log4j logging.
2018-04-11 18:15:50.404[INFO][UpdateBirthdayQueueProducer.java:42][main] è‡ªåŠ¨æ›´æ–°ç”Ÿæ—¥æ•°æ®å¯åŠ¨
2018-04-11 18:15:50.406[INFO][SMSQueueProducer.java:57][main] çŸ­ä¿¡æœåŠ¡è‡ªåŠ¨æ¨é€å¯åŠ¨
2018-04-11 18:15:51.080[INFO][JedisUtils.java:42][main] redisè·å–æ•°æ® key:SCHEDULED_TASK_STATU__autoUpdateBirthday
2018-04-11 18:15:51.084[INFO][JedisProvider.java:34][main] åˆ›å»ºRediså¯¹è±¡
2018-04-11 18:15:51.215[INFO][JedisProvider.java:75][main] é”€æ¯Rediså¯¹è±¡
2018-04-11 18:15:51.217[INFO][JedisUtils.java:22][main] redisæ’å…¥æ•°æ® key:SCHEDULED_TASK_STATU__autoUpdateBirthday; value:1
2018-04-11 18:15:51.218[INFO][JedisProvider.java:34][main] åˆ›å»ºRediså¯¹è±¡
2018-04-11 18:15:51.219[INFO][JedisProvider.java:75][main] é”€æ¯Rediså¯¹è±¡
2018-04-11 18:16:34.520[INFO][AutoPushShotMessage.java:77][main] æ‰§è¡Œè‡ªåŠ¨ä»»åŠ¡å‡ºé”™
java.lang.NullPointerException
	at com.jzl.service.impl.BirthdayServiceImpl.findAllSMSPushData(BirthdayServiceImpl.java:232)
	at com.jzl.schedule.task.AutoPushShotMessage.exec(AutoPushShotMessage.java:69)
	at sun.reflect.NativeMethodAccessorImpl.invoke0(Native Method)
	at sun.reflect.NativeMethodAccessorImpl.invoke(NativeMethodAccessorImpl.java:62)
	at sun.reflect.DelegatingMethodAccessorImpl.invoke(DelegatingMethodAccessorImpl.java:43)
	at java.lang.reflect.Method.invoke(Method.java:497)
	at com.jzl.service.impl.AutoPushShotMessageTest.execTest(AutoPushShotMessageTest.java:28)
	at sun.reflect.NativeMethodAccessorImpl.invoke0(Native Method)
	at sun.reflect.NativeMethodAccessorImpl.invoke(NativeMethodAccessorImpl.java:62)
	at sun.reflect.DelegatingMethodAccessorImpl.invoke(DelegatingMethodAccessorImpl.java:43)
	at java.lang.reflect.Method.invoke(Method.java:497)
	at org.junit.runners.model.FrameworkMethod$1.runReflectiveCall(FrameworkMethod.java:47)
	at org.junit.internal.runners.model.ReflectiveCallable.run(ReflectiveCallable.java:12)
	at org.junit.runners.model.FrameworkMethod.invokeExplosively(FrameworkMethod.java:44)
	at org.junit.internal.runners.statements.InvokeMethod.evaluate(InvokeMethod.java:17)
	at org.springframework.test.context.junit4.statements.RunBeforeTestMethodCallbacks.evaluate(RunBeforeTestMethodCallbacks.java:75)
	at org.springframework.test.context.junit4.statements.RunAfterTestMethodCallbacks.evaluate(RunAfterTestMethodCallbacks.java:86)
	at org.springframework.test.context.junit4.statements.SpringRepeat.evaluate(SpringRepeat.java:84)
	at org.junit.runners.ParentRunner.runLeaf(ParentRunner.java:271)
	at org.springframework.test.context.junit4.SpringJUnit4ClassRunner.runChild(SpringJUnit4ClassRunner.java:254)
	at org.springframework.test.context.junit4.SpringJUnit4ClassRunner.runChild(SpringJUnit4ClassRunner.java:89)
	at org.junit.runners.ParentRunner$3.run(ParentRunner.java:238)
	at org.junit.runners.ParentRunner$1.schedule(ParentRunner.java:63)
	at org.junit.runners.ParentRunner.runChildren(ParentRunner.java:236)
	at org.junit.runners.ParentRunner.access$000(ParentRunner.java:53)
	at org.junit.runners.ParentRunner$2.evaluate(ParentRunner.java:229)
	at org.springframework.test.context.junit4.statements.RunBeforeTestClassCallbacks.evaluate(RunBeforeTestClassCallbacks.java:61)
	at org.springframework.test.context.junit4.statements.RunAfterTestClassCallbacks.evaluate(RunAfterTestClassCallbacks.java:70)
	at org.junit.runners.ParentRunner.run(ParentRunner.java:309)
	at org.springframework.test.context.junit4.SpringJUnit4ClassRunner.run(SpringJUnit4ClassRunner.java:193)
	at org.eclipse.jdt.internal.junit4.runner.JUnit4TestReference.run(JUnit4TestReference.java:86)
	at org.eclipse.jdt.internal.junit.runner.TestExecution.run(TestExecution.java:38)
	at org.eclipse.jdt.internal.junit.runner.RemoteTestRunner.runTests(RemoteTestRunner.java:539)
	at org.eclipse.jdt.internal.junit.runner.RemoteTestRunner.runTests(RemoteTestRunner.java:761)
	at org.eclipse.jdt.internal.junit.runner.RemoteTestRunner.run(RemoteTestRunner.java:461)
	at org.eclipse.jdt.internal.junit.runner.RemoteTestRunner.main(RemoteTestRunner.java:207)
2018-04-11 18:16:34.546[INFO][JedisUtils.java:22][main] redisæ’å…¥æ•°æ® key:SCHEDULED_TASK_STATU__autoUpdateBirthday; value:0
2018-04-11 18:16:34.547[INFO][JedisProvider.java:34][main] åˆ›å»ºRediså¯¹è±¡
2018-04-11 18:16:34.547[INFO][JedisProvider.java:75][main] é”€æ¯Rediså¯¹è±¡
2018-04-11 18:16:37.553[INFO][UpdateBirthdayQueueProducer.java:71][Thread-1] è¿›è¡Œå…³é—­çº¿ç¨‹æ± ...
2018-04-11 18:16:37.569[INFO][UpdateBirthdayQueueConsumer.java:54][pool-2-thread-3] æ‰§è¡Œæ›´æ–°ç”Ÿæ—¥æ•°æ®çº¿ç¨‹é”™è¯¯: 
java.lang.InterruptedException
	at java.util.concurrent.locks.AbstractQueuedSynchronizer$ConditionObject.reportInterruptAfterWait(AbstractQueuedSynchronizer.java:2014)
	at java.util.concurrent.locks.AbstractQueuedSynchronizer$ConditionObject.await(AbstractQueuedSynchronizer.java:2048)
	at java.util.concurrent.LinkedBlockingQueue.take(LinkedBlockingQueue.java:442)
	at com.jzl.schedule.queue.UpdateBirthdayQueueConsumer.handle(UpdateBirthdayQueueConsumer.java:50)
	at com.jzl.schedule.queue.UpdateBirthdayQueueConsumer.run(UpdateBirthdayQueueConsumer.java:38)
	at java.util.concurrent.ThreadPoolExecutor.runWorker(ThreadPoolExecutor.java:1142)
	at java.util.concurrent.ThreadPoolExecutor$Worker.run(ThreadPoolExecutor.java:617)
	at java.lang.Thread.run(Thread.java:745)
2018-04-11 18:16:37.574[INFO][UpdateBirthdayQueueConsumer.java:54][pool-2-thread-2] æ‰§è¡Œæ›´æ–°ç”Ÿæ—¥æ•°æ®çº¿ç¨‹é”™è¯¯: 
java.lang.InterruptedException
	at java.util.concurrent.locks.AbstractQueuedSynchronizer$ConditionObject.reportInterruptAfterWait(AbstractQueuedSynchronizer.java:2014)
	at java.util.concurrent.locks.AbstractQueuedSynchronizer$ConditionObject.await(AbstractQueuedSynchronizer.java:2048)
	at java.util.concurrent.LinkedBlockingQueue.take(LinkedBlockingQueue.java:442)
	at com.jzl.schedule.queue.UpdateBirthdayQueueConsumer.handle(UpdateBirthdayQueueConsumer.java:50)
	at com.jzl.schedule.queue.UpdateBirthdayQueueConsumer.run(UpdateBirthdayQueueConsumer.java:38)
	at java.util.concurrent.ThreadPoolExecutor.runWorker(ThreadPoolExecutor.java:1142)
	at java.util.concurrent.ThreadPoolExecutor$Worker.run(ThreadPoolExecutor.java:617)
	at java.lang.Thread.run(Thread.java:745)
2018-04-11 18:16:37.576[INFO][UpdateBirthdayQueueConsumer.java:54][pool-2-thread-1] æ‰§è¡Œæ›´æ–°ç”Ÿæ—¥æ•°æ®çº¿ç¨‹é”™è¯¯: 
java.lang.InterruptedException
	at java.util.concurrent.locks.AbstractQueuedSynchronizer$ConditionObject.reportInterruptAfterWait(AbstractQueuedSynchronizer.java:2014)
	at java.util.concurrent.locks.AbstractQueuedSynchronizer$ConditionObject.await(AbstractQueuedSynchronizer.java:2048)
	at java.util.concurrent.LinkedBlockingQueue.take(LinkedBlockingQueue.java:442)
	at com.jzl.schedule.queue.UpdateBirthdayQueueConsumer.handle(UpdateBirthdayQueueConsumer.java:50)
	at com.jzl.schedule.queue.UpdateBirthdayQueueConsumer.run(UpdateBirthdayQueueConsumer.java:38)
	at java.util.concurrent.ThreadPoolExecutor.runWorker(ThreadPoolExecutor.java:1142)
	at java.util.concurrent.ThreadPoolExecutor$Worker.run(ThreadPoolExecutor.java:617)
	at java.lang.Thread.run(Thread.java:745)
2018-04-11 18:16:37.575[INFO][UpdateBirthdayQueueConsumer.java:54][pool-2-thread-5] æ‰§è¡Œæ›´æ–°ç”Ÿæ—¥æ•°æ®çº¿ç¨‹é”™è¯¯: 
java.lang.InterruptedException
	at java.util.concurrent.locks.AbstractQueuedSynchronizer$ConditionObject.reportInterruptAfterWait(AbstractQueuedSynchronizer.java:2014)
	at java.util.concurrent.locks.AbstractQueuedSynchronizer$ConditionObject.await(AbstractQueuedSynchronizer.java:2048)
	at java.util.concurrent.LinkedBlockingQueue.take(LinkedBlockingQueue.java:442)
	at com.jzl.schedule.queue.UpdateBirthdayQueueConsumer.handle(UpdateBirthdayQueueConsumer.java:50)
	at com.jzl.schedule.queue.UpdateBirthdayQueueConsumer.run(UpdateBirthdayQueueConsumer.java:38)
	at java.util.concurrent.ThreadPoolExecutor.runWorker(ThreadPoolExecutor.java:1142)
	at java.util.concurrent.ThreadPoolExecutor$Worker.run(ThreadPoolExecutor.java:617)
	at java.lang.Thread.run(Thread.java:745)
2018-04-11 18:16:37.575[INFO][UpdateBirthdayQueueConsumer.java:54][pool-2-thread-4] æ‰§è¡Œæ›´æ–°ç”Ÿæ—¥æ•°æ®çº¿ç¨‹é”™è¯¯: 
java.lang.InterruptedException
	at java.util.concurrent.locks.AbstractQueuedSynchronizer$ConditionObject.reportInterruptAfterWait(AbstractQueuedSynchronizer.java:2014)
	at java.util.concurrent.locks.AbstractQueuedSynchronizer$ConditionObject.await(AbstractQueuedSynchronizer.java:2048)
	at java.util.concurrent.LinkedBlockingQueue.take(LinkedBlockingQueue.java:442)
	at com.jzl.schedule.queue.UpdateBirthdayQueueConsumer.handle(UpdateBirthdayQueueConsumer.java:50)
	at com.jzl.schedule.queue.UpdateBirthdayQueueConsumer.run(UpdateBirthdayQueueConsumer.java:38)
	at java.util.concurrent.ThreadPoolExecutor.runWorker(ThreadPoolExecutor.java:1142)
	at java.util.concurrent.ThreadPoolExecutor$Worker.run(ThreadPoolExecutor.java:617)
	at java.lang.Thread.run(Thread.java:745)
2018-04-11 18:16:40.556[INFO][SMSQueueProducer.java:90][Thread-1] è¿›è¡Œå…³é—­çº¿ç¨‹æ± ...
2018-04-11 18:16:40.567[INFO][SMSQueueConsumer.java:54][pool-3-thread-4] æ¨é€çŸ­ä¿¡å¤±è´¥
java.lang.InterruptedException
	at java.util.concurrent.locks.AbstractQueuedSynchronizer$ConditionObject.reportInterruptAfterWait(AbstractQueuedSynchronizer.java:2014)
	at java.util.concurrent.locks.AbstractQueuedSynchronizer$ConditionObject.await(AbstractQueuedSynchronizer.java:2048)
	at java.util.concurrent.LinkedBlockingQueue.take(LinkedBlockingQueue.java:442)
	at com.jzl.schedule.queue.SMSQueueConsumer.handle(SMSQueueConsumer.java:47)
	at com.jzl.schedule.queue.SMSQueueConsumer.run(SMSQueueConsumer.java:35)
	at java.util.concurrent.ThreadPoolExecutor.runWorker(ThreadPoolExecutor.java:1142)
	at java.util.concurrent.ThreadPoolExecutor$Worker.run(ThreadPoolExecutor.java:617)
	at java.lang.Thread.run(Thread.java:745)
2018-04-11 18:16:40.569[INFO][SMSQueueConsumer.java:54][pool-3-thread-1] æ¨é€çŸ­ä¿¡å¤±è´¥
java.lang.InterruptedException
	at java.util.concurrent.locks.AbstractQueuedSynchronizer$ConditionObject.reportInterruptAfterWait(AbstractQueuedSynchronizer.java:2014)
	at java.util.concurrent.locks.AbstractQueuedSynchronizer$ConditionObject.await(AbstractQueuedSynchronizer.java:2048)
	at java.util.concurrent.LinkedBlockingQueue.take(LinkedBlockingQueue.java:442)
	at com.jzl.schedule.queue.SMSQueueConsumer.handle(SMSQueueConsumer.java:47)
	at com.jzl.schedule.queue.SMSQueueConsumer.run(SMSQueueConsumer.java:35)
	at java.util.concurrent.ThreadPoolExecutor.runWorker(ThreadPoolExecutor.java:1142)
	at java.util.concurrent.ThreadPoolExecutor$Worker.run(ThreadPoolExecutor.java:617)
	at java.lang.Thread.run(Thread.java:745)
2018-04-11 18:16:40.570[INFO][SMSQueueConsumer.java:54][pool-3-thread-5] æ¨é€çŸ­ä¿¡å¤±è´¥
java.lang.InterruptedException
	at java.util.concurrent.locks.AbstractQueuedSynchronizer$ConditionObject.reportInterruptAfterWait(AbstractQueuedSynchronizer.java:2014)
	at java.util.concurrent.locks.AbstractQueuedSynchronizer$ConditionObject.await(AbstractQueuedSynchronizer.java:2048)
	at java.util.concurrent.LinkedBlockingQueue.take(LinkedBlockingQueue.java:442)
	at com.jzl.schedule.queue.SMSQueueConsumer.handle(SMSQueueConsumer.java:47)
	at com.jzl.schedule.queue.SMSQueueConsumer.run(SMSQueueConsumer.java:35)
	at java.util.concurrent.ThreadPoolExecutor.runWorker(ThreadPoolExecutor.java:1142)
	at java.util.concurrent.ThreadPoolExecutor$Worker.run(ThreadPoolExecutor.java:617)
	at java.lang.Thread.run(Thread.java:745)
2018-04-11 18:16:40.575[INFO][SMSQueueConsumer.java:54][pool-3-thread-3] æ¨é€çŸ­ä¿¡å¤±è´¥
java.lang.InterruptedException
	at java.util.concurrent.locks.AbstractQueuedSynchronizer$ConditionObject.reportInterruptAfterWait(AbstractQueuedSynchronizer.java:2014)
	at java.util.concurrent.locks.AbstractQueuedSynchronizer$ConditionObject.await(AbstractQueuedSynchronizer.java:2048)
	at java.util.concurrent.LinkedBlockingQueue.take(LinkedBlockingQueue.java:442)
	at com.jzl.schedule.queue.SMSQueueConsumer.handle(SMSQueueConsumer.java:47)
	at com.jzl.schedule.queue.SMSQueueConsumer.run(SMSQueueConsumer.java:35)
	at java.util.concurrent.ThreadPoolExecutor.runWorker(ThreadPoolExecutor.java:1142)
	at java.util.concurrent.ThreadPoolExecutor$Worker.run(ThreadPoolExecutor.java:617)
	at java.lang.Thread.run(Thread.java:745)
2018-04-11 18:16:40.579[INFO][SMSQueueConsumer.java:54][pool-3-thread-2] æ¨é€çŸ­ä¿¡å¤±è´¥
java.lang.InterruptedException
	at java.util.concurrent.locks.AbstractQueuedSynchronizer$ConditionObject.reportInterruptAfterWait(AbstractQueuedSynchronizer.java:2014)
	at java.util.concurrent.locks.AbstractQueuedSynchronizer$ConditionObject.await(AbstractQueuedSynchronizer.java:2048)
	at java.util.concurrent.LinkedBlockingQueue.take(LinkedBlockingQueue.java:442)
	at com.jzl.schedule.queue.SMSQueueConsumer.handle(SMSQueueConsumer.java:47)
	at com.jzl.schedule.queue.SMSQueueConsumer.run(SMSQueueConsumer.java:35)
	at java.util.concurrent.ThreadPoolExecutor.runWorker(ThreadPoolExecutor.java:1142)
	at java.util.concurrent.ThreadPoolExecutor$Worker.run(ThreadPoolExecutor.java:617)
	at java.lang.Thread.run(Thread.java:745)
2018-04-11 18:17:07.611[INFO][MLog.java:80][main] MLog clients using log4j logging.
2018-04-11 18:17:08.038[INFO][UpdateBirthdayQueueProducer.java:42][main] è‡ªåŠ¨æ›´æ–°ç”Ÿæ—¥æ•°æ®å¯åŠ¨
2018-04-11 18:17:08.041[INFO][SMSQueueProducer.java:57][main] çŸ­ä¿¡æœåŠ¡è‡ªåŠ¨æ¨é€å¯åŠ¨
2018-04-11 18:17:08.727[INFO][JedisUtils.java:42][main] redisè·å–æ•°æ® key:SCHEDULED_TASK_STATU__autoUpdateBirthday
2018-04-11 18:17:08.730[INFO][JedisProvider.java:34][main] åˆ›å»ºRediså¯¹è±¡
2018-04-11 18:17:08.860[INFO][JedisProvider.java:75][main] é”€æ¯Rediså¯¹è±¡
2018-04-11 18:17:08.861[INFO][JedisUtils.java:22][main] redisæ’å…¥æ•°æ® key:SCHEDULED_TASK_STATU__autoUpdateBirthday; value:1
2018-04-11 18:17:08.862[INFO][JedisProvider.java:34][main] åˆ›å»ºRediså¯¹è±¡
2018-04-11 18:17:08.862[INFO][JedisProvider.java:75][main] é”€æ¯Rediså¯¹è±¡
2018-04-11 18:17:38.671[INFO][AutoPushShotMessage.java:77][main] æ‰§è¡Œè‡ªåŠ¨ä»»åŠ¡å‡ºé”™
java.lang.NullPointerException
	at com.jzl.service.impl.BirthdayServiceImpl.findAllSMSPushData(BirthdayServiceImpl.java:232)
	at com.jzl.schedule.task.AutoPushShotMessage.exec(AutoPushShotMessage.java:69)
	at sun.reflect.NativeMethodAccessorImpl.invoke0(Native Method)
	at sun.reflect.NativeMethodAccessorImpl.invoke(NativeMethodAccessorImpl.java:62)
	at sun.reflect.DelegatingMethodAccessorImpl.invoke(DelegatingMethodAccessorImpl.java:43)
	at java.lang.reflect.Method.invoke(Method.java:497)
	at com.jzl.service.impl.AutoPushShotMessageTest.execTest(AutoPushShotMessageTest.java:28)
	at sun.reflect.NativeMethodAccessorImpl.invoke0(Native Method)
	at sun.reflect.NativeMethodAccessorImpl.invoke(NativeMethodAccessorImpl.java:62)
	at sun.reflect.DelegatingMethodAccessorImpl.invoke(DelegatingMethodAccessorImpl.java:43)
	at java.lang.reflect.Method.invoke(Method.java:497)
	at org.junit.runners.model.FrameworkMethod$1.runReflectiveCall(FrameworkMethod.java:47)
	at org.junit.internal.runners.model.ReflectiveCallable.run(ReflectiveCallable.java:12)
	at org.junit.runners.model.FrameworkMethod.invokeExplosively(FrameworkMethod.java:44)
	at org.junit.internal.runners.statements.InvokeMethod.evaluate(InvokeMethod.java:17)
	at org.springframework.test.context.junit4.statements.RunBeforeTestMethodCallbacks.evaluate(RunBeforeTestMethodCallbacks.java:75)
	at org.springframework.test.context.junit4.statements.RunAfterTestMethodCallbacks.evaluate(RunAfterTestMethodCallbacks.java:86)
	at org.springframework.test.context.junit4.statements.SpringRepeat.evaluate(SpringRepeat.java:84)
	at org.junit.runners.ParentRunner.runLeaf(ParentRunner.java:271)
	at org.springframework.test.context.junit4.SpringJUnit4ClassRunner.runChild(SpringJUnit4ClassRunner.java:254)
	at org.springframework.test.context.junit4.SpringJUnit4ClassRunner.runChild(SpringJUnit4ClassRunner.java:89)
	at org.junit.runners.ParentRunner$3.run(ParentRunner.java:238)
	at org.junit.runners.ParentRunner$1.schedule(ParentRunner.java:63)
	at org.junit.runners.ParentRunner.runChildren(ParentRunner.java:236)
	at org.junit.runners.ParentRunner.access$000(ParentRunner.java:53)
	at org.junit.runners.ParentRunner$2.evaluate(ParentRunner.java:229)
	at org.springframework.test.context.junit4.statements.RunBeforeTestClassCallbacks.evaluate(RunBeforeTestClassCallbacks.java:61)
	at org.springframework.test.context.junit4.statements.RunAfterTestClassCallbacks.evaluate(RunAfterTestClassCallbacks.java:70)
	at org.junit.runners.ParentRunner.run(ParentRunner.java:309)
	at org.springframework.test.context.junit4.SpringJUnit4ClassRunner.run(SpringJUnit4ClassRunner.java:193)
	at org.eclipse.jdt.internal.junit4.runner.JUnit4TestReference.run(JUnit4TestReference.java:86)
	at org.eclipse.jdt.internal.junit.runner.TestExecution.run(TestExecution.java:38)
	at org.eclipse.jdt.internal.junit.runner.RemoteTestRunner.runTests(RemoteTestRunner.java:539)
	at org.eclipse.jdt.internal.junit.runner.RemoteTestRunner.runTests(RemoteTestRunner.java:761)
	at org.eclipse.jdt.internal.junit.runner.RemoteTestRunner.run(RemoteTestRunner.java:461)
	at org.eclipse.jdt.internal.junit.runner.RemoteTestRunner.main(RemoteTestRunner.java:207)
2018-04-11 18:17:38.675[INFO][JedisUtils.java:22][main] redisæ’å…¥æ•°æ® key:SCHEDULED_TASK_STATU__autoUpdateBirthday; value:0
2018-04-11 18:17:38.675[INFO][JedisProvider.java:34][main] åˆ›å»ºRediså¯¹è±¡
2018-04-11 18:17:38.676[INFO][JedisProvider.java:75][main] é”€æ¯Rediså¯¹è±¡
2018-04-11 18:17:41.686[INFO][UpdateBirthdayQueueProducer.java:71][Thread-1] è¿›è¡Œå…³é—­çº¿ç¨‹æ± ...
2018-04-11 18:17:41.691[INFO][UpdateBirthdayQueueConsumer.java:54][pool-2-thread-5] æ‰§è¡Œæ›´æ–°ç”Ÿæ—¥æ•°æ®çº¿ç¨‹é”™è¯¯: 
java.lang.InterruptedException
	at java.util.concurrent.locks.AbstractQueuedSynchronizer$ConditionObject.reportInterruptAfterWait(AbstractQueuedSynchronizer.java:2014)
	at java.util.concurrent.locks.AbstractQueuedSynchronizer$ConditionObject.await(AbstractQueuedSynchronizer.java:2048)
	at java.util.concurrent.LinkedBlockingQueue.take(LinkedBlockingQueue.java:442)
	at com.jzl.schedule.queue.UpdateBirthdayQueueConsumer.handle(UpdateBirthdayQueueConsumer.java:50)
	at com.jzl.schedule.queue.UpdateBirthdayQueueConsumer.run(UpdateBirthdayQueueConsumer.java:38)
	at java.util.concurrent.ThreadPoolExecutor.runWorker(ThreadPoolExecutor.java:1142)
	at java.util.concurrent.ThreadPoolExecutor$Worker.run(ThreadPoolExecutor.java:617)
	at java.lang.Thread.run(Thread.java:745)
2018-04-11 18:17:41.695[INFO][UpdateBirthdayQueueConsumer.java:54][pool-2-thread-4] æ‰§è¡Œæ›´æ–°ç”Ÿæ—¥æ•°æ®çº¿ç¨‹é”™è¯¯: 
java.lang.InterruptedException
	at java.util.concurrent.locks.AbstractQueuedSynchronizer$ConditionObject.reportInterruptAfterWait(AbstractQueuedSynchronizer.java:2014)
	at java.util.concurrent.locks.AbstractQueuedSynchronizer$ConditionObject.await(AbstractQueuedSynchronizer.java:2048)
	at java.util.concurrent.LinkedBlockingQueue.take(LinkedBlockingQueue.java:442)
	at com.jzl.schedule.queue.UpdateBirthdayQueueConsumer.handle(UpdateBirthdayQueueConsumer.java:50)
	at com.jzl.schedule.queue.UpdateBirthdayQueueConsumer.run(UpdateBirthdayQueueConsumer.java:38)
	at java.util.concurrent.ThreadPoolExecutor.runWorker(ThreadPoolExecutor.java:1142)
	at java.util.concurrent.ThreadPoolExecutor$Worker.run(ThreadPoolExecutor.java:617)
	at java.lang.Thread.run(Thread.java:745)
2018-04-11 18:17:41.701[INFO][UpdateBirthdayQueueConsumer.java:54][pool-2-thread-3] æ‰§è¡Œæ›´æ–°ç”Ÿæ—¥æ•°æ®çº¿ç¨‹é”™è¯¯: 
java.lang.InterruptedException
	at java.util.concurrent.locks.AbstractQueuedSynchronizer$ConditionObject.reportInterruptAfterWait(AbstractQueuedSynchronizer.java:2014)
	at java.util.concurrent.locks.AbstractQueuedSynchronizer$ConditionObject.await(AbstractQueuedSynchronizer.java:2048)
	at java.util.concurrent.LinkedBlockingQueue.take(LinkedBlockingQueue.java:442)
	at com.jzl.schedule.queue.UpdateBirthdayQueueConsumer.handle(UpdateBirthdayQueueConsumer.java:50)
	at com.jzl.schedule.queue.UpdateBirthdayQueueConsumer.run(UpdateBirthdayQueueConsumer.java:38)
	at java.util.concurrent.ThreadPoolExecutor.runWorker(ThreadPoolExecutor.java:1142)
	at java.util.concurrent.ThreadPoolExecutor$Worker.run(ThreadPoolExecutor.java:617)
	at java.lang.Thread.run(Thread.java:745)
2018-04-11 18:17:41.700[INFO][UpdateBirthdayQueueConsumer.java:54][pool-2-thread-2] æ‰§è¡Œæ›´æ–°ç”Ÿæ—¥æ•°æ®çº¿ç¨‹é”™è¯¯: 
java.lang.InterruptedException
	at java.util.concurrent.locks.AbstractQueuedSynchronizer$ConditionObject.reportInterruptAfterWait(AbstractQueuedSynchronizer.java:2014)
	at java.util.concurrent.locks.AbstractQueuedSynchronizer$ConditionObject.await(AbstractQueuedSynchronizer.java:2048)
	at java.util.concurrent.LinkedBlockingQueue.take(LinkedBlockingQueue.java:442)
	at com.jzl.schedule.queue.UpdateBirthdayQueueConsumer.handle(UpdateBirthdayQueueConsumer.java:50)
	at com.jzl.schedule.queue.UpdateBirthdayQueueConsumer.run(UpdateBirthdayQueueConsumer.java:38)
	at java.util.concurrent.ThreadPoolExecutor.runWorker(ThreadPoolExecutor.java:1142)
	at java.util.concurrent.ThreadPoolExecutor$Worker.run(ThreadPoolExecutor.java:617)
	at java.lang.Thread.run(Thread.java:745)
2018-04-11 18:17:41.699[INFO][UpdateBirthdayQueueConsumer.java:54][pool-2-thread-1] æ‰§è¡Œæ›´æ–°ç”Ÿæ—¥æ•°æ®çº¿ç¨‹é”™è¯¯: 
java.lang.InterruptedException
	at java.util.concurrent.locks.AbstractQueuedSynchronizer$ConditionObject.reportInterruptAfterWait(AbstractQueuedSynchronizer.java:2014)
	at java.util.concurrent.locks.AbstractQueuedSynchronizer$ConditionObject.await(AbstractQueuedSynchronizer.java:2048)
	at java.util.concurrent.LinkedBlockingQueue.take(LinkedBlockingQueue.java:442)
	at com.jzl.schedule.queue.UpdateBirthdayQueueConsumer.handle(UpdateBirthdayQueueConsumer.java:50)
	at com.jzl.schedule.queue.UpdateBirthdayQueueConsumer.run(UpdateBirthdayQueueConsumer.java:38)
	at java.util.concurrent.ThreadPoolExecutor.runWorker(ThreadPoolExecutor.java:1142)
	at java.util.concurrent.ThreadPoolExecutor$Worker.run(ThreadPoolExecutor.java:617)
	at java.lang.Thread.run(Thread.java:745)
2018-04-11 18:17:44.689[INFO][SMSQueueProducer.java:90][Thread-1] è¿›è¡Œå…³é—­çº¿ç¨‹æ± ...
2018-04-11 18:17:44.691[INFO][SMSQueueConsumer.java:54][pool-3-thread-4] æ¨é€çŸ­ä¿¡å¤±è´¥
java.lang.InterruptedException
	at java.util.concurrent.locks.AbstractQueuedSynchronizer$ConditionObject.reportInterruptAfterWait(AbstractQueuedSynchronizer.java:2014)
	at java.util.concurrent.locks.AbstractQueuedSynchronizer$ConditionObject.await(AbstractQueuedSynchronizer.java:2048)
	at java.util.concurrent.LinkedBlockingQueue.take(LinkedBlockingQueue.java:442)
	at com.jzl.schedule.queue.SMSQueueConsumer.handle(SMSQueueConsumer.java:47)
	at com.jzl.schedule.queue.SMSQueueConsumer.run(SMSQueueConsumer.java:35)
	at java.util.concurrent.ThreadPoolExecutor.runWorker(ThreadPoolExecutor.java:1142)
	at java.util.concurrent.ThreadPoolExecutor$Worker.run(ThreadPoolExecutor.java:617)
	at java.lang.Thread.run(Thread.java:745)
2018-04-11 18:17:44.694[INFO][SMSQueueConsumer.java:54][pool-3-thread-3] æ¨é€çŸ­ä¿¡å¤±è´¥
java.lang.InterruptedException
	at java.util.concurrent.locks.AbstractQueuedSynchronizer$ConditionObject.reportInterruptAfterWait(AbstractQueuedSynchronizer.java:2014)
	at java.util.concurrent.locks.AbstractQueuedSynchronizer$ConditionObject.await(AbstractQueuedSynchronizer.java:2048)
	at java.util.concurrent.LinkedBlockingQueue.take(LinkedBlockingQueue.java:442)
	at com.jzl.schedule.queue.SMSQueueConsumer.handle(SMSQueueConsumer.java:47)
	at com.jzl.schedule.queue.SMSQueueConsumer.run(SMSQueueConsumer.java:35)
	at java.util.concurrent.ThreadPoolExecutor.runWorker(ThreadPoolExecutor.java:1142)
	at java.util.concurrent.ThreadPoolExecutor$Worker.run(ThreadPoolExecutor.java:617)
	at java.lang.Thread.run(Thread.java:745)
2018-04-11 18:17:44.697[INFO][SMSQueueConsumer.java:54][pool-3-thread-1] æ¨é€çŸ­ä¿¡å¤±è´¥
java.lang.InterruptedException
	at java.util.concurrent.locks.AbstractQueuedSynchronizer$ConditionObject.reportInterruptAfterWait(AbstractQueuedSynchronizer.java:2014)
	at java.util.concurrent.locks.AbstractQueuedSynchronizer$ConditionObject.await(AbstractQueuedSynchronizer.java:2048)
	at java.util.concurrent.LinkedBlockingQueue.take(LinkedBlockingQueue.java:442)
	at com.jzl.schedule.queue.SMSQueueConsumer.handle(SMSQueueConsumer.java:47)
	at com.jzl.schedule.queue.SMSQueueConsumer.run(SMSQueueConsumer.java:35)
	at java.util.concurrent.ThreadPoolExecutor.runWorker(ThreadPoolExecutor.java:1142)
	at java.util.concurrent.ThreadPoolExecutor$Worker.run(ThreadPoolExecutor.java:617)
	at java.lang.Thread.run(Thread.java:745)
2018-04-11 18:17:44.700[INFO][SMSQueueConsumer.java:54][pool-3-thread-2] æ¨é€çŸ­ä¿¡å¤±è´¥
java.lang.InterruptedException
	at java.util.concurrent.locks.AbstractQueuedSynchronizer$ConditionObject.reportInterruptAfterWait(AbstractQueuedSynchronizer.java:2014)
	at java.util.concurrent.locks.AbstractQueuedSynchronizer$ConditionObject.await(AbstractQueuedSynchronizer.java:2048)
	at java.util.concurrent.LinkedBlockingQueue.take(LinkedBlockingQueue.java:442)
	at com.jzl.schedule.queue.SMSQueueConsumer.handle(SMSQueueConsumer.java:47)
	at com.jzl.schedule.queue.SMSQueueConsumer.run(SMSQueueConsumer.java:35)
	at java.util.concurrent.ThreadPoolExecutor.runWorker(ThreadPoolExecutor.java:1142)
	at java.util.concurrent.ThreadPoolExecutor$Worker.run(ThreadPoolExecutor.java:617)
	at java.lang.Thread.run(Thread.java:745)
2018-04-11 18:17:44.702[INFO][SMSQueueConsumer.java:54][pool-3-thread-5] æ¨é€çŸ­ä¿¡å¤±è´¥
java.lang.InterruptedException
	at java.util.concurrent.locks.AbstractQueuedSynchronizer$ConditionObject.reportInterruptAfterWait(AbstractQueuedSynchronizer.java:2014)
	at java.util.concurrent.locks.AbstractQueuedSynchronizer$ConditionObject.await(AbstractQueuedSynchronizer.java:2048)
	at java.util.concurrent.LinkedBlockingQueue.take(LinkedBlockingQueue.java:442)
	at com.jzl.schedule.queue.SMSQueueConsumer.handle(SMSQueueConsumer.java:47)
	at com.jzl.schedule.queue.SMSQueueConsumer.run(SMSQueueConsumer.java:35)
	at java.util.concurrent.ThreadPoolExecutor.runWorker(ThreadPoolExecutor.java:1142)
	at java.util.concurrent.ThreadPoolExecutor$Worker.run(ThreadPoolExecutor.java:617)
	at java.lang.Thread.run(Thread.java:745)
2018-04-11 18:24:27.963[INFO][MLog.java:80][main] MLog clients using log4j logging.
2018-04-11 18:24:28.388[INFO][UpdateBirthdayQueueProducer.java:42][main] è‡ªåŠ¨æ›´æ–°ç”Ÿæ—¥æ•°æ®å¯åŠ¨
2018-04-11 18:24:28.392[INFO][SMSQueueProducer.java:57][main] çŸ­ä¿¡æœåŠ¡è‡ªåŠ¨æ¨é€å¯åŠ¨
2018-04-11 18:24:29.089[INFO][JedisUtils.java:42][main] redisè·å–æ•°æ® key:SCHEDULED_TASK_STATU__autoUpdateBirthday
2018-04-11 18:24:29.093[INFO][JedisProvider.java:34][main] åˆ›å»ºRediså¯¹è±¡
2018-04-11 18:24:29.310[INFO][JedisProvider.java:75][main] é”€æ¯Rediså¯¹è±¡
2018-04-11 18:24:29.312[INFO][JedisUtils.java:22][main] redisæ’å…¥æ•°æ® key:SCHEDULED_TASK_STATU__autoUpdateBirthday; value:1
2018-04-11 18:24:29.313[INFO][JedisProvider.java:34][main] åˆ›å»ºRediså¯¹è±¡
2018-04-11 18:24:29.314[INFO][JedisProvider.java:75][main] é”€æ¯Rediså¯¹è±¡
2018-04-11 18:24:30.986[DEBUG][SqlUtils.java:85][main] Attempted to convert SQLException to SQLException. Leaving it alone. [SQLState: 42000; errorCode: 1064]
com.mysql.jdbc.exceptions.jdbc4.MySQLSyntaxErrorException: You have an error in your SQL syntax; check the manual that corresponds to your MySQL server version for the right syntax to use near '?' at line 1
	at sun.reflect.NativeConstructorAccessorImpl.newInstance0(Native Method)
	at sun.reflect.NativeConstructorAccessorImpl.newInstance(NativeConstructorAccessorImpl.java:62)
	at sun.reflect.DelegatingConstructorAccessorImpl.newInstance(DelegatingConstructorAccessorImpl.java:45)
	at java.lang.reflect.Constructor.newInstance(Constructor.java:422)
	at com.mysql.jdbc.Util.handleNewInstance(Util.java:377)
	at com.mysql.jdbc.Util.getInstance(Util.java:360)
	at com.mysql.jdbc.SQLError.createSQLException(SQLError.java:978)
	at com.mysql.jdbc.MysqlIO.checkErrorPacket(MysqlIO.java:3887)
	at com.mysql.jdbc.MysqlIO.checkErrorPacket(MysqlIO.java:3823)
	at com.mysql.jdbc.MysqlIO.sendCommand(MysqlIO.java:2435)
	at com.mysql.jdbc.MysqlIO.sqlQueryDirect(MysqlIO.java:2582)
	at com.mysql.jdbc.ConnectionImpl.execSQL(ConnectionImpl.java:2526)
	at com.mysql.jdbc.ConnectionImpl.execSQL(ConnectionImpl.java:2484)
	at com.mysql.jdbc.StatementImpl.executeQuery(StatementImpl.java:1446)
	at com.mchange.v2.c3p0.impl.NewProxyStatement.executeQuery(NewProxyStatement.java:35)
	at org.springframework.jdbc.core.JdbcTemplate$1QueryStatementCallback.doInStatement(JdbcTemplate.java:458)
	at org.springframework.jdbc.core.JdbcTemplate.execute(JdbcTemplate.java:408)
	at org.springframework.jdbc.core.JdbcTemplate.query(JdbcTemplate.java:474)
	at org.springframework.jdbc.core.JdbcTemplate.query(JdbcTemplate.java:484)
	at org.springframework.jdbc.core.JdbcTemplate.queryForObject(JdbcTemplate.java:494)
	at com.jzl.repository.impl.UserRepositoryImpl.findUserInfoByUserName(UserRepositoryImpl.java:46)
	at com.jzl.service.impl.UserServiceImpl.findUserInfoByUserName(UserServiceImpl.java:83)
	at com.jzl.service.impl.BirthdayServiceImpl.findAllSMSPushData(BirthdayServiceImpl.java:231)
	at com.jzl.schedule.task.AutoPushShotMessage.exec(AutoPushShotMessage.java:69)
	at sun.reflect.NativeMethodAccessorImpl.invoke0(Native Method)
	at sun.reflect.NativeMethodAccessorImpl.invoke(NativeMethodAccessorImpl.java:62)
	at sun.reflect.DelegatingMethodAccessorImpl.invoke(DelegatingMethodAccessorImpl.java:43)
	at java.lang.reflect.Method.invoke(Method.java:497)
	at com.jzl.service.impl.AutoPushShotMessageTest.execTest(AutoPushShotMessageTest.java:28)
	at sun.reflect.NativeMethodAccessorImpl.invoke0(Native Method)
	at sun.reflect.NativeMethodAccessorImpl.invoke(NativeMethodAccessorImpl.java:62)
	at sun.reflect.DelegatingMethodAccessorImpl.invoke(DelegatingMethodAccessorImpl.java:43)
	at java.lang.reflect.Method.invoke(Method.java:497)
	at org.junit.runners.model.FrameworkMethod$1.runReflectiveCall(FrameworkMethod.java:47)
	at org.junit.internal.runners.model.ReflectiveCallable.run(ReflectiveCallable.java:12)
	at org.junit.runners.model.FrameworkMethod.invokeExplosively(FrameworkMethod.java:44)
	at org.junit.internal.runners.statements.InvokeMethod.evaluate(InvokeMethod.java:17)
	at org.springframework.test.context.junit4.statements.RunBeforeTestMethodCallbacks.evaluate(RunBeforeTestMethodCallbacks.java:75)
	at org.springframework.test.context.junit4.statements.RunAfterTestMethodCallbacks.evaluate(RunAfterTestMethodCallbacks.java:86)
	at org.springframework.test.context.junit4.statements.SpringRepeat.evaluate(SpringRepeat.java:84)
	at org.junit.runners.ParentRunner.runLeaf(ParentRunner.java:271)
	at org.springframework.test.context.junit4.SpringJUnit4ClassRunner.runChild(SpringJUnit4ClassRunner.java:254)
	at org.springframework.test.context.junit4.SpringJUnit4ClassRunner.runChild(SpringJUnit4ClassRunner.java:89)
	at org.junit.runners.ParentRunner$3.run(ParentRunner.java:238)
	at org.junit.runners.ParentRunner$1.schedule(ParentRunner.java:63)
	at org.junit.runners.ParentRunner.runChildren(ParentRunner.java:236)
	at org.junit.runners.ParentRunner.access$000(ParentRunner.java:53)
	at org.junit.runners.ParentRunner$2.evaluate(ParentRunner.java:229)
	at org.springframework.test.context.junit4.statements.RunBeforeTestClassCallbacks.evaluate(RunBeforeTestClassCallbacks.java:61)
	at org.springframework.test.context.junit4.statements.RunAfterTestClassCallbacks.evaluate(RunAfterTestClassCallbacks.java:70)
	at org.junit.runners.ParentRunner.run(ParentRunner.java:309)
	at org.springframework.test.context.junit4.SpringJUnit4ClassRunner.run(SpringJUnit4ClassRunner.java:193)
	at org.eclipse.jdt.internal.junit4.runner.JUnit4TestReference.run(JUnit4TestReference.java:86)
	at org.eclipse.jdt.internal.junit.runner.TestExecution.run(TestExecution.java:38)
	at org.eclipse.jdt.internal.junit.runner.RemoteTestRunner.runTests(RemoteTestRunner.java:539)
	at org.eclipse.jdt.internal.junit.runner.RemoteTestRunner.runTests(RemoteTestRunner.java:761)
	at org.eclipse.jdt.internal.junit.runner.RemoteTestRunner.run(RemoteTestRunner.java:461)
	at org.eclipse.jdt.internal.junit.runner.RemoteTestRunner.main(RemoteTestRunner.java:207)
2018-04-11 18:24:43.504[INFO][AutoPushShotMessage.java:77][main] æ‰§è¡Œè‡ªåŠ¨ä»»åŠ¡å‡ºé”™
org.springframework.jdbc.BadSqlGrammarException: StatementCallback; bad SQL grammar [select * from user where userName = ?]; nested exception is com.mysql.jdbc.exceptions.jdbc4.MySQLSyntaxErrorException: You have an error in your SQL syntax; check the manual that corresponds to your MySQL server version for the right syntax to use near '?' at line 1
	at org.springframework.jdbc.support.SQLErrorCodeSQLExceptionTranslator.doTranslate(SQLErrorCodeSQLExceptionTranslator.java:231)
	at org.springframework.jdbc.support.AbstractFallbackSQLExceptionTranslator.translate(AbstractFallbackSQLExceptionTranslator.java:73)
	at org.springframework.jdbc.core.JdbcTemplate.execute(JdbcTemplate.java:419)
	at org.springframework.jdbc.core.JdbcTemplate.query(JdbcTemplate.java:474)
	at org.springframework.jdbc.core.JdbcTemplate.query(JdbcTemplate.java:484)
	at org.springframework.jdbc.core.JdbcTemplate.queryForObject(JdbcTemplate.java:494)
	at com.jzl.repository.impl.UserRepositoryImpl.findUserInfoByUserName(UserRepositoryImpl.java:46)
	at com.jzl.service.impl.UserServiceImpl.findUserInfoByUserName(UserServiceImpl.java:83)
	at com.jzl.service.impl.BirthdayServiceImpl.findAllSMSPushData(BirthdayServiceImpl.java:231)
	at com.jzl.schedule.task.AutoPushShotMessage.exec(AutoPushShotMessage.java:69)
	at sun.reflect.NativeMethodAccessorImpl.invoke0(Native Method)
	at sun.reflect.NativeMethodAccessorImpl.invoke(NativeMethodAccessorImpl.java:62)
	at sun.reflect.DelegatingMethodAccessorImpl.invoke(DelegatingMethodAccessorImpl.java:43)
	at java.lang.reflect.Method.invoke(Method.java:497)
	at com.jzl.service.impl.AutoPushShotMessageTest.execTest(AutoPushShotMessageTest.java:28)
	at sun.reflect.NativeMethodAccessorImpl.invoke0(Native Method)
	at sun.reflect.NativeMethodAccessorImpl.invoke(NativeMethodAccessorImpl.java:62)
	at sun.reflect.DelegatingMethodAccessorImpl.invoke(DelegatingMethodAccessorImpl.java:43)
	at java.lang.reflect.Method.invoke(Method.java:497)
	at org.junit.runners.model.FrameworkMethod$1.runReflectiveCall(FrameworkMethod.java:47)
	at org.junit.internal.runners.model.ReflectiveCallable.run(ReflectiveCallable.java:12)
	at org.junit.runners.model.FrameworkMethod.invokeExplosively(FrameworkMethod.java:44)
	at org.junit.internal.runners.statements.InvokeMethod.evaluate(InvokeMethod.java:17)
	at org.springframework.test.context.junit4.statements.RunBeforeTestMethodCallbacks.evaluate(RunBeforeTestMethodCallbacks.java:75)
	at org.springframework.test.context.junit4.statements.RunAfterTestMethodCallbacks.evaluate(RunAfterTestMethodCallbacks.java:86)
	at org.springframework.test.context.junit4.statements.SpringRepeat.evaluate(SpringRepeat.java:84)
	at org.junit.runners.ParentRunner.runLeaf(ParentRunner.java:271)
	at org.springframework.test.context.junit4.SpringJUnit4ClassRunner.runChild(SpringJUnit4ClassRunner.java:254)
	at org.springframework.test.context.junit4.SpringJUnit4ClassRunner.runChild(SpringJUnit4ClassRunner.java:89)
	at org.junit.runners.ParentRunner$3.run(ParentRunner.java:238)
	at org.junit.runners.ParentRunner$1.schedule(ParentRunner.java:63)
	at org.junit.runners.ParentRunner.runChildren(ParentRunner.java:236)
	at org.junit.runners.ParentRunner.access$000(ParentRunner.java:53)
	at org.junit.runners.ParentRunner$2.evaluate(ParentRunner.java:229)
	at org.springframework.test.context.junit4.statements.RunBeforeTestClassCallbacks.evaluate(RunBeforeTestClassCallbacks.java:61)
	at org.springframework.test.context.junit4.statements.RunAfterTestClassCallbacks.evaluate(RunAfterTestClassCallbacks.java:70)
	at org.junit.runners.ParentRunner.run(ParentRunner.java:309)
	at org.springframework.test.context.junit4.SpringJUnit4ClassRunner.run(SpringJUnit4ClassRunner.java:193)
	at org.eclipse.jdt.internal.junit4.runner.JUnit4TestReference.run(JUnit4TestReference.java:86)
	at org.eclipse.jdt.internal.junit.runner.TestExecution.run(TestExecution.java:38)
	at org.eclipse.jdt.internal.junit.runner.RemoteTestRunner.runTests(RemoteTestRunner.java:539)
	at org.eclipse.jdt.internal.junit.runner.RemoteTestRunner.runTests(RemoteTestRunner.java:761)
	at org.eclipse.jdt.internal.junit.runner.RemoteTestRunner.run(RemoteTestRunner.java:461)
	at org.eclipse.jdt.internal.junit.runner.RemoteTestRunner.main(RemoteTestRunner.java:207)
Caused by: com.mysql.jdbc.exceptions.jdbc4.MySQLSyntaxErrorException: You have an error in your SQL syntax; check the manual that corresponds to your MySQL server version for the right syntax to use near '?' at line 1
	at sun.reflect.NativeConstructorAccessorImpl.newInstance0(Native Method)
	at sun.reflect.NativeConstructorAccessorImpl.newInstance(NativeConstructorAccessorImpl.java:62)
	at sun.reflect.DelegatingConstructorAccessorImpl.newInstance(DelegatingConstructorAccessorImpl.java:45)
	at java.lang.reflect.Constructor.newInstance(Constructor.java:422)
	at com.mysql.jdbc.Util.handleNewInstance(Util.java:377)
	at com.mysql.jdbc.Util.getInstance(Util.java:360)
	at com.mysql.jdbc.SQLError.createSQLException(SQLError.java:978)
	at com.mysql.jdbc.MysqlIO.checkErrorPacket(MysqlIO.java:3887)
	at com.mysql.jdbc.MysqlIO.checkErrorPacket(MysqlIO.java:3823)
	at com.mysql.jdbc.MysqlIO.sendCommand(MysqlIO.java:2435)
	at com.mysql.jdbc.MysqlIO.sqlQueryDirect(MysqlIO.java:2582)
	at com.mysql.jdbc.ConnectionImpl.execSQL(ConnectionImpl.java:2526)
	at com.mysql.jdbc.ConnectionImpl.execSQL(ConnectionImpl.java:2484)
	at com.mysql.jdbc.StatementImpl.executeQuery(StatementImpl.java:1446)
	at com.mchange.v2.c3p0.impl.NewProxyStatement.executeQuery(NewProxyStatement.java:35)
	at org.springframework.jdbc.core.JdbcTemplate$1QueryStatementCallback.doInStatement(JdbcTemplate.java:458)
	at org.springframework.jdbc.core.JdbcTemplate.execute(JdbcTemplate.java:408)
	... 41 more
2018-04-11 18:24:43.524[INFO][JedisUtils.java:22][main] redisæ’å…¥æ•°æ® key:SCHEDULED_TASK_STATU__autoUpdateBirthday; value:0
2018-04-11 18:24:43.524[INFO][JedisProvider.java:34][main] åˆ›å»ºRediså¯¹è±¡
2018-04-11 18:24:43.526[INFO][JedisProvider.java:75][main] é”€æ¯Rediså¯¹è±¡
2018-04-11 18:24:46.547[INFO][UpdateBirthdayQueueProducer.java:71][Thread-1] è¿›è¡Œå…³é—­çº¿ç¨‹æ± ...
2018-04-11 18:24:46.555[INFO][UpdateBirthdayQueueConsumer.java:54][pool-2-thread-5] æ‰§è¡Œæ›´æ–°ç”Ÿæ—¥æ•°æ®çº¿ç¨‹é”™è¯¯: 
java.lang.InterruptedException
	at java.util.concurrent.locks.AbstractQueuedSynchronizer$ConditionObject.reportInterruptAfterWait(AbstractQueuedSynchronizer.java:2014)
	at java.util.concurrent.locks.AbstractQueuedSynchronizer$ConditionObject.await(AbstractQueuedSynchronizer.java:2048)
	at java.util.concurrent.LinkedBlockingQueue.take(LinkedBlockingQueue.java:442)
	at com.jzl.schedule.queue.UpdateBirthdayQueueConsumer.handle(UpdateBirthdayQueueConsumer.java:50)
	at com.jzl.schedule.queue.UpdateBirthdayQueueConsumer.run(UpdateBirthdayQueueConsumer.java:38)
	at java.util.concurrent.ThreadPoolExecutor.runWorker(ThreadPoolExecutor.java:1142)
	at java.util.concurrent.ThreadPoolExecutor$Worker.run(ThreadPoolExecutor.java:617)
	at java.lang.Thread.run(Thread.java:745)
2018-04-11 18:24:46.562[INFO][UpdateBirthdayQueueConsumer.java:54][pool-2-thread-4] æ‰§è¡Œæ›´æ–°ç”Ÿæ—¥æ•°æ®çº¿ç¨‹é”™è¯¯: 
java.lang.InterruptedException
	at java.util.concurrent.locks.AbstractQueuedSynchronizer$ConditionObject.reportInterruptAfterWait(AbstractQueuedSynchronizer.java:2014)
	at java.util.concurrent.locks.AbstractQueuedSynchronizer$ConditionObject.await(AbstractQueuedSynchronizer.java:2048)
	at java.util.concurrent.LinkedBlockingQueue.take(LinkedBlockingQueue.java:442)
	at com.jzl.schedule.queue.UpdateBirthdayQueueConsumer.handle(UpdateBirthdayQueueConsumer.java:50)
	at com.jzl.schedule.queue.UpdateBirthdayQueueConsumer.run(UpdateBirthdayQueueConsumer.java:38)
	at java.util.concurrent.ThreadPoolExecutor.runWorker(ThreadPoolExecutor.java:1142)
	at java.util.concurrent.ThreadPoolExecutor$Worker.run(ThreadPoolExecutor.java:617)
	at java.lang.Thread.run(Thread.java:745)
2018-04-11 18:24:46.560[INFO][UpdateBirthdayQueueConsumer.java:54][pool-2-thread-1] æ‰§è¡Œæ›´æ–°ç”Ÿæ—¥æ•°æ®çº¿ç¨‹é”™è¯¯: 
java.lang.InterruptedException
	at java.util.concurrent.locks.AbstractQueuedSynchronizer$ConditionObject.reportInterruptAfterWait(AbstractQueuedSynchronizer.java:2014)
	at java.util.concurrent.locks.AbstractQueuedSynchronizer$ConditionObject.await(AbstractQueuedSynchronizer.java:2048)
	at java.util.concurrent.LinkedBlockingQueue.take(LinkedBlockingQueue.java:442)
	at com.jzl.schedule.queue.UpdateBirthdayQueueConsumer.handle(UpdateBirthdayQueueConsumer.java:50)
	at com.jzl.schedule.queue.UpdateBirthdayQueueConsumer.run(UpdateBirthdayQueueConsumer.java:38)
	at java.util.concurrent.ThreadPoolExecutor.runWorker(ThreadPoolExecutor.java:1142)
	at java.util.concurrent.ThreadPoolExecutor$Worker.run(ThreadPoolExecutor.java:617)
	at java.lang.Thread.run(Thread.java:745)
2018-04-11 18:24:46.579[INFO][UpdateBirthdayQueueConsumer.java:54][pool-2-thread-2] æ‰§è¡Œæ›´æ–°ç”Ÿæ—¥æ•°æ®çº¿ç¨‹é”™è¯¯: 
java.lang.InterruptedException
	at java.util.concurrent.locks.AbstractQueuedSynchronizer$ConditionObject.reportInterruptAfterWait(AbstractQueuedSynchronizer.java:2014)
	at java.util.concurrent.locks.AbstractQueuedSynchronizer$ConditionObject.await(AbstractQueuedSynchronizer.java:2048)
	at java.util.concurrent.LinkedBlockingQueue.take(LinkedBlockingQueue.java:442)
	at com.jzl.schedule.queue.UpdateBirthdayQueueConsumer.handle(UpdateBirthdayQueueConsumer.java:50)
	at com.jzl.schedule.queue.UpdateBirthdayQueueConsumer.run(UpdateBirthdayQueueConsumer.java:38)
	at java.util.concurrent.ThreadPoolExecutor.runWorker(ThreadPoolExecutor.java:1142)
	at java.util.concurrent.ThreadPoolExecutor$Worker.run(ThreadPoolExecutor.java:617)
	at java.lang.Thread.run(Thread.java:745)
2018-04-11 18:24:46.564[INFO][UpdateBirthdayQueueConsumer.java:54][pool-2-thread-3] æ‰§è¡Œæ›´æ–°ç”Ÿæ—¥æ•°æ®çº¿ç¨‹é”™è¯¯: 
java.lang.InterruptedException
	at java.util.concurrent.locks.AbstractQueuedSynchronizer$ConditionObject.reportInterruptAfterWait(AbstractQueuedSynchronizer.java:2014)
	at java.util.concurrent.locks.AbstractQueuedSynchronizer$ConditionObject.await(AbstractQueuedSynchronizer.java:2048)
	at java.util.concurrent.LinkedBlockingQueue.take(LinkedBlockingQueue.java:442)
	at com.jzl.schedule.queue.UpdateBirthdayQueueConsumer.handle(UpdateBirthdayQueueConsumer.java:50)
	at com.jzl.schedule.queue.UpdateBirthdayQueueConsumer.run(UpdateBirthdayQueueConsumer.java:38)
	at java.util.concurrent.ThreadPoolExecutor.runWorker(ThreadPoolExecutor.java:1142)
	at java.util.concurrent.ThreadPoolExecutor$Worker.run(ThreadPoolExecutor.java:617)
	at java.lang.Thread.run(Thread.java:745)
2018-04-11 18:24:49.554[INFO][SMSQueueProducer.java:90][Thread-1] è¿›è¡Œå…³é—­çº¿ç¨‹æ± ...
2018-04-11 18:24:49.555[INFO][SMSQueueConsumer.java:54][pool-3-thread-3] æ¨é€çŸ­ä¿¡å¤±è´¥
java.lang.InterruptedException
	at java.util.concurrent.locks.AbstractQueuedSynchronizer$ConditionObject.reportInterruptAfterWait(AbstractQueuedSynchronizer.java:2014)
	at java.util.concurrent.locks.AbstractQueuedSynchronizer$ConditionObject.await(AbstractQueuedSynchronizer.java:2048)
	at java.util.concurrent.LinkedBlockingQueue.take(LinkedBlockingQueue.java:442)
	at com.jzl.schedule.queue.SMSQueueConsumer.handle(SMSQueueConsumer.java:47)
	at com.jzl.schedule.queue.SMSQueueConsumer.run(SMSQueueConsumer.java:35)
	at java.util.concurrent.ThreadPoolExecutor.runWorker(ThreadPoolExecutor.java:1142)
	at java.util.concurrent.ThreadPoolExecutor$Worker.run(ThreadPoolExecutor.java:617)
	at java.lang.Thread.run(Thread.java:745)
2018-04-11 18:24:49.556[INFO][SMSQueueConsumer.java:54][pool-3-thread-2] æ¨é€çŸ­ä¿¡å¤±è´¥
java.lang.InterruptedException
	at java.util.concurrent.locks.AbstractQueuedSynchronizer$ConditionObject.reportInterruptAfterWait(AbstractQueuedSynchronizer.java:2014)
	at java.util.concurrent.locks.AbstractQueuedSynchronizer$ConditionObject.await(AbstractQueuedSynchronizer.java:2048)
	at java.util.concurrent.LinkedBlockingQueue.take(LinkedBlockingQueue.java:442)
	at com.jzl.schedule.queue.SMSQueueConsumer.handle(SMSQueueConsumer.java:47)
	at com.jzl.schedule.queue.SMSQueueConsumer.run(SMSQueueConsumer.java:35)
	at java.util.concurrent.ThreadPoolExecutor.runWorker(ThreadPoolExecutor.java:1142)
	at java.util.concurrent.ThreadPoolExecutor$Worker.run(ThreadPoolExecutor.java:617)
	at java.lang.Thread.run(Thread.java:745)
2018-04-11 18:25:19.175[INFO][MLog.java:80][main] MLog clients using log4j logging.
2018-04-11 18:25:19.628[INFO][UpdateBirthdayQueueProducer.java:42][main] è‡ªåŠ¨æ›´æ–°ç”Ÿæ—¥æ•°æ®å¯åŠ¨
2018-04-11 18:25:19.634[INFO][SMSQueueProducer.java:57][main] çŸ­ä¿¡æœåŠ¡è‡ªåŠ¨æ¨é€å¯åŠ¨
2018-04-11 18:25:20.392[INFO][JedisUtils.java:42][main] redisè·å–æ•°æ® key:SCHEDULED_TASK_STATU__autoUpdateBirthday
2018-04-11 18:25:20.396[INFO][JedisProvider.java:34][main] åˆ›å»ºRediså¯¹è±¡
2018-04-11 18:25:20.567[INFO][JedisProvider.java:75][main] é”€æ¯Rediså¯¹è±¡
2018-04-11 18:25:20.570[INFO][JedisUtils.java:22][main] redisæ’å…¥æ•°æ® key:SCHEDULED_TASK_STATU__autoUpdateBirthday; value:1
2018-04-11 18:25:20.570[INFO][JedisProvider.java:34][main] åˆ›å»ºRediså¯¹è±¡
2018-04-11 18:25:20.571[INFO][JedisProvider.java:75][main] é”€æ¯Rediså¯¹è±¡
2018-04-11 18:25:57.144[INFO][SMSQueueProducer.java:45][main] æ•°æ®åŠ å…¥é˜Ÿåˆ—æˆåŠŸ,é˜Ÿåˆ—å¤§å°ï¼š0
2018-04-11 18:25:58.828[INFO][AutoPushShotMessage.java:74][main] çŸ­ä¿¡æ¨é€æ•°æ®æ·»åŠ åˆ°ç”Ÿäº§è€…é˜Ÿåˆ—
2018-04-11 18:26:02.239[INFO][JedisUtils.java:22][main] redisæ’å…¥æ•°æ® key:SCHEDULED_TASK_STATU__autoUpdateBirthday; value:0
2018-04-11 18:26:02.240[INFO][JedisProvider.java:34][main] åˆ›å»ºRediså¯¹è±¡
2018-04-11 18:26:02.243[INFO][JedisProvider.java:75][main] é”€æ¯Rediså¯¹è±¡
2018-04-11 18:26:05.266[INFO][UpdateBirthdayQueueProducer.java:71][Thread-1] è¿›è¡Œå…³é—­çº¿ç¨‹æ± ...
2018-04-11 18:26:05.277[INFO][UpdateBirthdayQueueConsumer.java:54][pool-2-thread-1] æ‰§è¡Œæ›´æ–°ç”Ÿæ—¥æ•°æ®çº¿ç¨‹é”™è¯¯: 
java.lang.InterruptedException
	at java.util.concurrent.locks.AbstractQueuedSynchronizer$ConditionObject.reportInterruptAfterWait(AbstractQueuedSynchronizer.java:2014)
	at java.util.concurrent.locks.AbstractQueuedSynchronizer$ConditionObject.await(AbstractQueuedSynchronizer.java:2048)
	at java.util.concurrent.LinkedBlockingQueue.take(LinkedBlockingQueue.java:442)
	at com.jzl.schedule.queue.UpdateBirthdayQueueConsumer.handle(UpdateBirthdayQueueConsumer.java:50)
	at com.jzl.schedule.queue.UpdateBirthdayQueueConsumer.run(UpdateBirthdayQueueConsumer.java:38)
	at java.util.concurrent.ThreadPoolExecutor.runWorker(ThreadPoolExecutor.java:1142)
	at java.util.concurrent.ThreadPoolExecutor$Worker.run(ThreadPoolExecutor.java:617)
	at java.lang.Thread.run(Thread.java:745)
2018-04-11 18:26:05.295[INFO][UpdateBirthdayQueueConsumer.java:54][pool-2-thread-4] æ‰§è¡Œæ›´æ–°ç”Ÿæ—¥æ•°æ®çº¿ç¨‹é”™è¯¯: 
java.lang.InterruptedException
	at java.util.concurrent.locks.AbstractQueuedSynchronizer$ConditionObject.reportInterruptAfterWait(AbstractQueuedSynchronizer.java:2014)
	at java.util.concurrent.locks.AbstractQueuedSynchronizer$ConditionObject.await(AbstractQueuedSynchronizer.java:2048)
	at java.util.concurrent.LinkedBlockingQueue.take(LinkedBlockingQueue.java:442)
	at com.jzl.schedule.queue.UpdateBirthdayQueueConsumer.handle(UpdateBirthdayQueueConsumer.java:50)
	at com.jzl.schedule.queue.UpdateBirthdayQueueConsumer.run(UpdateBirthdayQueueConsumer.java:38)
	at java.util.concurrent.ThreadPoolExecutor.runWorker(ThreadPoolExecutor.java:1142)
	at java.util.concurrent.ThreadPoolExecutor$Worker.run(ThreadPoolExecutor.java:617)
	at java.lang.Thread.run(Thread.java:745)
2018-04-11 18:26:05.286[INFO][UpdateBirthdayQueueConsumer.java:54][pool-2-thread-5] æ‰§è¡Œæ›´æ–°ç”Ÿæ—¥æ•°æ®çº¿ç¨‹é”™è¯¯: 
java.lang.InterruptedException
	at java.util.concurrent.locks.AbstractQueuedSynchronizer$ConditionObject.reportInterruptAfterWait(AbstractQueuedSynchronizer.java:2014)
	at java.util.concurrent.locks.AbstractQueuedSynchronizer$ConditionObject.await(AbstractQueuedSynchronizer.java:2048)
	at java.util.concurrent.LinkedBlockingQueue.take(LinkedBlockingQueue.java:442)
	at com.jzl.schedule.queue.UpdateBirthdayQueueConsumer.handle(UpdateBirthdayQueueConsumer.java:50)
	at com.jzl.schedule.queue.UpdateBirthdayQueueConsumer.run(UpdateBirthdayQueueConsumer.java:38)
	at java.util.concurrent.ThreadPoolExecutor.runWorker(ThreadPoolExecutor.java:1142)
	at java.util.concurrent.ThreadPoolExecutor$Worker.run(ThreadPoolExecutor.java:617)
	at java.lang.Thread.run(Thread.java:745)
2018-04-11 18:26:05.279[INFO][UpdateBirthdayQueueConsumer.java:54][pool-2-thread-3] æ‰§è¡Œæ›´æ–°ç”Ÿæ—¥æ•°æ®çº¿ç¨‹é”™è¯¯: 
java.lang.InterruptedException
	at java.util.concurrent.locks.AbstractQueuedSynchronizer$ConditionObject.reportInterruptAfterWait(AbstractQueuedSynchronizer.java:2014)
	at java.util.concurrent.locks.AbstractQueuedSynchronizer$ConditionObject.await(AbstractQueuedSynchronizer.java:2048)
	at java.util.concurrent.LinkedBlockingQueue.take(LinkedBlockingQueue.java:442)
	at com.jzl.schedule.queue.UpdateBirthdayQueueConsumer.handle(UpdateBirthdayQueueConsumer.java:50)
	at com.jzl.schedule.queue.UpdateBirthdayQueueConsumer.run(UpdateBirthdayQueueConsumer.java:38)
	at java.util.concurrent.ThreadPoolExecutor.runWorker(ThreadPoolExecutor.java:1142)
	at java.util.concurrent.ThreadPoolExecutor$Worker.run(ThreadPoolExecutor.java:617)
	at java.lang.Thread.run(Thread.java:745)
2018-04-11 18:26:05.279[INFO][UpdateBirthdayQueueConsumer.java:54][pool-2-thread-2] æ‰§è¡Œæ›´æ–°ç”Ÿæ—¥æ•°æ®çº¿ç¨‹é”™è¯¯: 
java.lang.InterruptedException
	at java.util.concurrent.locks.AbstractQueuedSynchronizer$ConditionObject.reportInterruptAfterWait(AbstractQueuedSynchronizer.java:2014)
	at java.util.concurrent.locks.AbstractQueuedSynchronizer$ConditionObject.await(AbstractQueuedSynchronizer.java:2048)
	at java.util.concurrent.LinkedBlockingQueue.take(LinkedBlockingQueue.java:442)
	at com.jzl.schedule.queue.UpdateBirthdayQueueConsumer.handle(UpdateBirthdayQueueConsumer.java:50)
	at com.jzl.schedule.queue.UpdateBirthdayQueueConsumer.run(UpdateBirthdayQueueConsumer.java:38)
	at java.util.concurrent.ThreadPoolExecutor.runWorker(ThreadPoolExecutor.java:1142)
	at java.util.concurrent.ThreadPoolExecutor$Worker.run(ThreadPoolExecutor.java:617)
	at java.lang.Thread.run(Thread.java:745)
2018-04-11 18:26:08.269[INFO][SMSQueueProducer.java:90][Thread-1] è¿›è¡Œå…³é—­çº¿ç¨‹æ± ...
2018-04-11 18:26:08.273[INFO][SMSQueueConsumer.java:54][pool-3-thread-4] æ¨é€çŸ­ä¿¡å¤±è´¥
java.lang.InterruptedException
	at java.util.concurrent.locks.AbstractQueuedSynchronizer$ConditionObject.reportInterruptAfterWait(AbstractQueuedSynchronizer.java:2014)
	at java.util.concurrent.locks.AbstractQueuedSynchronizer$ConditionObject.await(AbstractQueuedSynchronizer.java:2048)
	at java.util.concurrent.LinkedBlockingQueue.take(LinkedBlockingQueue.java:442)
	at com.jzl.schedule.queue.SMSQueueConsumer.handle(SMSQueueConsumer.java:47)
	at com.jzl.schedule.queue.SMSQueueConsumer.run(SMSQueueConsumer.java:35)
	at java.util.concurrent.ThreadPoolExecutor.runWorker(ThreadPoolExecutor.java:1142)
	at java.util.concurrent.ThreadPoolExecutor$Worker.run(ThreadPoolExecutor.java:617)
	at java.lang.Thread.run(Thread.java:745)
2018-04-11 18:26:08.279[INFO][SMSQueueConsumer.java:54][pool-3-thread-1] æ¨é€çŸ­ä¿¡å¤±è´¥
java.lang.InterruptedException
	at java.util.concurrent.locks.AbstractQueuedSynchronizer$ConditionObject.reportInterruptAfterWait(AbstractQueuedSynchronizer.java:2014)
	at java.util.concurrent.locks.AbstractQueuedSynchronizer$ConditionObject.await(AbstractQueuedSynchronizer.java:2048)
	at java.util.concurrent.LinkedBlockingQueue.take(LinkedBlockingQueue.java:442)
	at com.jzl.schedule.queue.SMSQueueConsumer.handle(SMSQueueConsumer.java:47)
	at com.jzl.schedule.queue.SMSQueueConsumer.run(SMSQueueConsumer.java:35)
	at java.util.concurrent.ThreadPoolExecutor.runWorker(ThreadPoolExecutor.java:1142)
	at java.util.concurrent.ThreadPoolExecutor$Worker.run(ThreadPoolExecutor.java:617)
	at java.lang.Thread.run(Thread.java:745)
2018-04-11 18:26:08.282[INFO][SMSQueueConsumer.java:54][pool-3-thread-5] æ¨é€çŸ­ä¿¡å¤±è´¥
java.lang.InterruptedException
	at java.util.concurrent.locks.AbstractQueuedSynchronizer$ConditionObject.reportInterruptAfterWait(AbstractQueuedSynchronizer.java:2014)
	at java.util.concurrent.locks.AbstractQueuedSynchronizer$ConditionObject.await(AbstractQueuedSynchronizer.java:2048)
	at java.util.concurrent.LinkedBlockingQueue.take(LinkedBlockingQueue.java:442)
	at com.jzl.schedule.queue.SMSQueueConsumer.handle(SMSQueueConsumer.java:47)
	at com.jzl.schedule.queue.SMSQueueConsumer.run(SMSQueueConsumer.java:35)
	at java.util.concurrent.ThreadPoolExecutor.runWorker(ThreadPoolExecutor.java:1142)
	at java.util.concurrent.ThreadPoolExecutor$Worker.run(ThreadPoolExecutor.java:617)
	at java.lang.Thread.run(Thread.java:745)
2018-04-11 18:26:08.288[INFO][SMSQueueConsumer.java:54][pool-3-thread-3] æ¨é€çŸ­ä¿¡å¤±è´¥
java.lang.InterruptedException
	at java.util.concurrent.locks.AbstractQueuedSynchronizer$ConditionObject.reportInterruptAfterWait(AbstractQueuedSynchronizer.java:2014)
	at java.util.concurrent.locks.AbstractQueuedSynchronizer$ConditionObject.await(AbstractQueuedSynchronizer.java:2048)
	at java.util.concurrent.LinkedBlockingQueue.take(LinkedBlockingQueue.java:442)
	at com.jzl.schedule.queue.SMSQueueConsumer.handle(SMSQueueConsumer.java:47)
	at com.jzl.schedule.queue.SMSQueueConsumer.run(SMSQueueConsumer.java:35)
	at java.util.concurrent.ThreadPoolExecutor.runWorker(ThreadPoolExecutor.java:1142)
	at java.util.concurrent.ThreadPoolExecutor$Worker.run(ThreadPoolExecutor.java:617)
	at java.lang.Thread.run(Thread.java:745)
2018-04-11 18:26:08.291[INFO][SMSQueueConsumer.java:54][pool-3-thread-2] æ¨é€çŸ­ä¿¡å¤±è´¥
java.lang.InterruptedException
	at java.util.concurrent.locks.AbstractQueuedSynchronizer$ConditionObject.reportInterruptAfterWait(AbstractQueuedSynchronizer.java:2014)
	at java.util.concurrent.locks.AbstractQueuedSynchronizer$ConditionObject.await(AbstractQueuedSynchronizer.java:2048)
	at java.util.concurrent.LinkedBlockingQueue.take(LinkedBlockingQueue.java:442)
	at com.jzl.schedule.queue.SMSQueueConsumer.handle(SMSQueueConsumer.java:47)
	at com.jzl.schedule.queue.SMSQueueConsumer.run(SMSQueueConsumer.java:35)
	at java.util.concurrent.ThreadPoolExecutor.runWorker(ThreadPoolExecutor.java:1142)
	at java.util.concurrent.ThreadPoolExecutor$Worker.run(ThreadPoolExecutor.java:617)
	at java.lang.Thread.run(Thread.java:745)
